  USAF  WBAN YR--MODAHRMN DIR SPD GUS CLG SKC L M H  VSB MW MW MW MW AW AW AW AW W TEMP DEWP    SLP   ALT    STP MAX MIN PCP01 PCP06 PCP24 PCPXX SD
576870 ***** 202201010000 264   1 *** *** *** * * *  2.7 10 ** ** ** ** ** ** ** 0   44   39 1030.4 ***** 1015.4  51  33 ***** *****  0.00 ***** **
576870 ***** 202201010300 214   2 *** *** *** * * *  4.1 10 ** ** ** ** ** ** ** 0   47   35 1031.3 ***** 1016.3  51  41 ***** ***** ***** ***** **
576870 ***** 202201010600 308   3 *** *** *** * * *  5.2 00 ** ** ** ** ** ** ** 0   51   33 1028.2 ***** 1013.3  51  44 ***** *****  0.00 ***** **
576870 ***** 202201010900 159   4 *** *** *** * * *  5.6 00 ** ** ** ** ** ** ** 0   50   35 1027.9 ***** 1013.0  52  44 ***** ***** ***** ***** **
576870 ***** 202201011200 301   1 *** *** *** * * *  3.6 10 ** ** ** ** ** ** ** 0   43   37 1029.1 ***** 1014.1  52  43 ***** *****  0.00 ***** **
576870 ***** 202201011500 039   1 *** *** *** * * *  2.6 10 ** ** ** ** ** ** ** *   40   37 1029.3 ***** 1014.3  52  40 ***** ***** ***** ***** **
576870 ***** 202201011800 104   3 *** *** *** * * *  2.1 10 ** ** ** ** ** ** ** 0   39   37 1029.0 ***** 1014.1  52  39 ***** ***** ***** ***** **
576870 ***** 202201012100 113   3 *** *** *** * * *  1.2 10 ** ** ** ** ** ** ** *   37   35 1028.3 ***** 1013.3  52  37 ***** ***** ***** ***** **
576870 ***** 202201020000 049   1 *** *** *** * * *  0.8 10 ** ** ** ** ** ** ** 0   37   36 1029.8 ***** 1014.7  52  37 ***** *****  0.00 ***** **
576870 ***** 202201020300 134   7 *** *** *** * * *  3.9 10 ** ** ** ** ** ** ** 0   47   39 1029.9 ***** 1014.9  52  37 ***** ***** ***** ***** **
576870 ***** 202201020600 098   3 *** *** *** * * *  7.7 00 ** ** ** ** ** ** ** 0   56   37 1026.1 ***** 1011.3  57  37 ***** *****  0.00 ***** **
576870 ***** 202201020900 128   2 *** *** *** * * *  9.0 00 ** ** ** ** ** ** ** 0   55   36 1024.8 ***** 1009.9  57  37 ***** ***** ***** ***** **
576870 ***** 202201021200 295   2 *** *** *** * * *  6.4 00 ** ** ** ** ** ** ** 0   49   38 1025.3 ***** 1010.3  57  37 ***** *****  0.00 ***** **
576870 ***** 202201021500 325   4 *** *** *** * * *  5.6 00 ** ** ** ** ** ** ** *   48   41 1025.4 ***** 1010.6  57  37 ***** ***** ***** ***** **
576870 ***** 202201021800 360   0 *** *** *** * * *  6.2 00 ** ** ** ** ** ** ** 0   48   40 1024.9 ***** 1010.2  57  37 ***** ***** ***** ***** **
576870 ***** 202201022100 110   3 *** *** *** * * *  5.9 00 ** ** ** ** ** ** ** *   47   36 1023.9 ***** 1009.2  57  37 ***** ***** ***** ***** **
576870 ***** 202201030000 107   1 *** *** *** * * *  3.6 10 ** ** ** ** ** ** ** 0   44   38 1025.2 ***** 1010.3  57  37 ***** *****  0.00 ***** **
576870 ***** 202201030300 128   4 *** *** *** * * *  6.0 00 ** ** ** ** ** ** ** 0   52   38 1025.5 ***** 1010.7  57  43 ***** ***** ***** ***** **
576870 ***** 202201030600 138   1 *** *** *** * * *  6.4 00 ** ** ** ** ** ** ** 0   53   38 1022.3 ***** 1007.6  57  43 ***** *****  0.00 ***** **
576870 ***** 202201030900 312   2 *** *** *** * * *  6.6 00 ** ** ** ** ** ** ** 0   53   40 1021.5 ***** 1006.8  55  43 ***** ***** ***** ***** **
576870 ***** 202201031200 282   3 *** *** *** * * *  5.2 00 ** ** ** ** ** ** ** 0   50   42 1022.6 ***** 1007.8  53  43 ***** *****  0.00 ***** **
576870 ***** 202201031500 296   5 *** *** *** * * *  5.6 00 ** ** ** ** ** ** ** *   51   40 1023.1 ***** 1008.4  53  43 ***** ***** ***** ***** **
576870 ***** 202201031800 309   6  13 *** *** * * *  3.1 10 ** ** ** ** ** ** ** 0   50   42 1023.3 ***** 1008.6  53  43 ***** ***** ***** ***** **
576870 ***** 202201032100 317   6  14 *** *** * * *  2.5 10 ** ** ** ** ** ** ** *   49   42 1022.2 ***** 1007.5  53  43 ***** ***** ***** ***** **
576870 ***** 202201040000 291   4  14 *** *** * * *  2.1 10 ** ** ** ** ** ** ** 0   48   43 1022.6 ***** 1007.9  53  44 ***** *****  0.00 ***** **
576870 ***** 202201040300 315   6  14 *** *** * * *  2.8 10 ** ** ** ** ** ** ** 0   52   43 1022.9 ***** 1008.2  53  48 ***** ***** ***** ***** **
576870 ***** 202201040600 321   7  14 *** *** * * *  2.4 10 ** ** ** ** ** ** ** 0   52   43 1019.5 ***** 1004.9  53  48 ***** *****  0.00 ***** **
576870 ***** 202201040900 315  11  17 *** *** * * *  1.7 10 ** ** ** ** ** ** ** 0   50   45 1019.4 ***** 1004.7  53  48 ***** ***** ***** ***** **
576870 ***** 202201041200 310  11  20 *** *** * * *  1.3 10 ** ** ** ** ** ** ** 0   48   45 1020.7 ***** 1006.0  53  48 ***** *****  0.00 ***** **
576870 ***** 202201041500 314   9  23 *** *** * * *  0.8 60 ** ** ** ** ** ** ** *   46   44 1021.0 ***** 1006.3  53  46 ***** ***** ***** ***** **
576870 ***** 202201041800 334  17  33 *** *** * * *  1.1 21 ** ** ** ** ** ** ** 0   44   43 1021.6 ***** 1006.8  53  44 *****  0.01  0.01  0.01 **
576870 ***** 202201042100 321  14  33 *** *** * * *  1.4 21 ** ** ** ** ** ** ** *   42   41 1022.8 ***** 1008.0  53  42 *****  0.22  0.22  0.22 **
576870 ***** 202201050000 331   9  33 *** *** * * *  0.8 10 ** ** ** ** ** ** ** 0   41   40 1024.2 ***** 1009.3  53  42 *****  0.21  0.22 *****  0
576870 ***** 202201050300 335  10  33 *** *** * * *  1.6 10 ** ** ** ** ** ** ** 0   42   40 1026.8 ***** 1011.8  53  41 ***** *****  0.22  0.22 **
576870 ***** 202201050600 325   9  33 *** *** * * *  2.0 10 ** ** ** ** ** ** ** 0   43   40 1024.4 ***** 1009.5  52  41 ***** *****  0.22 *****  0
576870 ***** 202201050900 359   9  23 *** *** * * *  3.1 10 ** ** ** ** ** ** ** 0   42   38 1026.0 ***** 1011.0  50  41 ***** *****  0.22 ***** **
576870 ***** 202201051200 327   6  23 *** *** * * *  2.5 10 ** ** ** ** ** ** ** 0   41   38 1027.0 ***** 1012.0  48  41 ***** *****  0.22 *****  0
576870 ***** 202201051500 335   9  20 *** *** * * *  2.9 10 ** ** ** ** ** ** ** *   41   38 1027.7 ***** 1012.7  46  41 ***** *****  0.22 ***** **
576870 ***** 202201051800 345   9  18 *** *** * * *  2.6 10 ** ** ** ** ** ** ** 0   41   38 1028.4 ***** 1013.4  44  41 ***** *****  0.21 ***** **
576870 ***** 202201052100 354   7  21 *** *** * * *  2.6 10 ** ** ** ** ** ** ** *   41   38 1028.2 ***** 1013.2  43  41 ***** ***** ***** ***** **
576870 ***** 202201060000 334  10  21 *** *** * * *  2.4 10 ** ** ** ** ** ** ** 0   40   38 1029.4 ***** 1014.3  43  40 ***** *****  0.00 ***** **
576870 ***** 202201060300 334   8  21 *** *** * * *  2.3 10 ** ** ** ** ** ** ** 0   40   39 1030.5 ***** 1015.4  43  40 ***** ***** ***** ***** **
576870 ***** 202201060600 334  10  22 *** *** * * *  2.1 60 ** ** ** ** ** ** ** 0   40   39 1028.1 ***** 1013.0  43  40 *****  0.02  0.02 *****  0
576870 ***** 202201060900 325  11  22 *** *** * * *  2.2 62 ** ** ** ** ** ** ** 0   40   40 1028.4 ***** 1013.3  42  40 *****  0.16  0.16  0.16 **
576870 ***** 202201061200 328   9  22 *** *** * * *  3.0 60 ** ** ** ** ** ** ** 5   41   40 1030.2 ***** 1015.1  42  40 *****  0.47  0.49 *****  0
576870 ***** 202201061500 331  10  22 *** *** * * *  1.7 10 ** ** ** ** ** ** ** *   41   40 1031.1 ***** 1016.0  42  40 *****  0.33  0.49  0.49 **
576870 ***** 202201062100 335   6  21 *** *** * * *  1.4 10 ** ** ** ** ** ** ** *   40   40 1030.1 ***** 1015.0  41  40 ***** *****  0.49  0.33 **
576870 ***** 202201070000 340   6  21 *** *** * * *  1.1 10 ** ** ** ** ** ** ** 0   40   40 1031.1 ***** 1016.0  41  40 ***** *****  0.49 *****  0
576870 ***** 202201070300 318   8  18 *** *** * * *  1.1 10 ** ** ** ** ** ** ** 0   41   41 1031.4 ***** 1016.3  41  40 ***** *****  0.49 ***** **
576870 ***** 202201070600 335   5  18 *** *** * * *  2.6 10 ** ** ** ** ** ** ** 0   43   40 1029.1 ***** 1014.1  43  40 ***** *****  0.47 *****  0
576870 ***** 202201070900 321   8  18 *** *** * * *  3.1 10 ** ** ** ** ** ** ** 0   43   40 1028.5 ***** 1013.5  43  40 ***** *****  0.33 ***** **
576870 ***** 202201071200 311   5  16 *** *** * * *  1.3 60 ** ** ** ** ** ** ** 5   42   41 1029.5 ***** 1014.4  43  40 *****  0.06  0.06 *****  0
576870 ***** 202201071500 313   7  16 *** *** * * *  1.2 50 ** ** ** ** ** ** ** *   42   41 1029.6 ***** 1014.5  43  40 *****  0.14  0.14  0.14 **
576870 ***** 202201071800 318   8  16 *** *** * * *  1.0 60 ** ** ** ** ** ** ** 5   42   41 1028.7 ***** 1013.7  43  40 *****  0.13  0.19  0.19 **
576870 ***** 202201072100 307   6  16 *** *** * * *  0.9 60 ** ** ** ** ** ** ** *   41   41 1027.2 ***** 1012.2  43  40 *****  0.11  0.25  0.25 **
576870 ***** 202201080000 327   5  13 *** *** * * *  0.2 45 ** ** ** ** ** ** ** 4   41   41 1027.5 ***** 1012.5  43  40 *****  0.07  0.26 *****  0
576870 ***** 202201080300 318   8  13 *** *** * * *  0.8 60 ** ** ** ** ** ** ** 5   41   41 1028.4 ***** 1013.4  43  41 *****  0.01  0.26  0.12 **
576870 ***** 202201080600 295   6  13 *** *** * * *  1.8 60 ** ** ** ** ** ** ** 5   42   41 1025.7 ***** 1010.7  43  42 *****  0.11  0.36 *****  0
576870 ***** 202201080900 322   7  15 *** *** * * *  1.4 20 ** ** ** ** ** ** ** 0   42   41 1025.5 ***** 1010.5  43  42 *****  0.14  0.40  0.15 **
576870 ***** 202201081200 329   6  15 *** *** * * *  1.1 10 ** ** ** ** ** ** ** 0   42   41 1026.8 ***** 1011.8  42  42 *****  0.04  0.35 *****  0
576870 ***** 202201081500 324   8  18 *** *** * * *  1.0 10 ** ** ** ** ** ** ** *   40   40 1027.1 ***** 1012.1  42  41 *****  0.00  0.26  0.14 **
576870 ***** 202201081800 329   4  18 *** *** * * *  1.1 10 ** ** ** ** ** ** ** 0   40   40 1026.2 ***** 1011.2  42  40 ***** *****  0.21  0.04 **
576870 ***** 202201082100 323   5  18 *** *** * * *  2.3 10 ** ** ** ** ** ** ** *   40   38 1025.3 ***** 1010.3  42  40 ***** *****  0.15  0.00 **
576870 ***** 202201090000 320   4  18 *** *** * * *  1.8 10 ** ** ** ** ** ** ** 0   40   39 1026.1 ***** 1011.1  42  40 ***** *****  0.15 *****  0
576870 ***** 202201090300 330   3  13 *** *** * * *  2.7 10 ** ** ** ** ** ** ** 0   45   40 1026.6 ***** 1011.6  44  40 ***** *****  0.14 ***** **
576870 ***** 202201090600 326   3  13 *** *** * * *  5.2 00 ** ** ** ** ** ** ** 0   47   40 1023.3 ***** 1008.4  48  40 ***** *****  0.04 *****  0
576870 ***** 202201090900 055   3 *** *** *** * * *  6.2 00 ** ** ** ** ** ** ** 0   47   39 1022.7 ***** 1007.8  48  40 ***** *****  0.00 ***** **
576870 ***** 202201091200 129   3 *** *** *** * * *  3.4 10 ** ** ** ** ** ** ** 0   46   41 1022.9 ***** 1008.0  48  40 ***** *****  0.00 ***** **
576870 ***** 202201091500 304   1 *** *** *** * * *  2.6 10 ** ** ** ** ** ** ** *   45   42 1022.4 ***** 1007.5  48  40 ***** ***** ***** ***** **
576870 ***** 202201091800 279   2 *** *** *** * * *  1.9 10 ** ** ** ** ** ** ** 0   44   42 1021.8 ***** 1007.0  48  40 ***** ***** ***** ***** **
576870 ***** 202201092100 360   0 *** *** *** * * *  2.4 10 ** ** ** ** ** ** ** *   44   42 1020.6 ***** 1005.8  48  40 ***** ***** ***** ***** **
576870 ***** 202201100000 319   1 *** *** *** * * *  2.6 10 ** ** ** ** ** ** ** 0   45   42 1022.3 ***** 1007.4  48  41 ***** *****  0.00 ***** **
576870 ***** 202201100300 330   7  11 *** *** * * *  1.8 60 ** ** ** ** ** ** ** 0   45   43 1024.7 ***** 1009.8  48  44 *****  0.03  0.03  0.03 **
576870 ***** 202201100600 341   5  19 *** *** * * *  2.2 50 ** ** ** ** ** ** ** 0   45   43 1023.4 ***** 1008.5  48  44 *****  0.08  0.08 *****  0
576870 ***** 202201100900 330   8  19 *** *** * * *  2.8 10 ** ** ** ** ** ** ** 0   46   43 1024.3 ***** 1009.4  47  44 *****  0.06  0.08  0.08 **
576870 ***** 202201101200 349   8  19 *** *** * * *  4.9 00 ** ** ** ** ** ** ** 0   46   41 1027.3 ***** 1012.4  46  44 *****  0.00  0.08 *****  0
576870 ***** 202201101500 322   3  19 *** *** * * *  2.7 10 ** ** ** ** ** ** ** *   44   41 1029.2 ***** 1014.2  46  44 ***** *****  0.08  0.06 **
576870 ***** 202201101800 329  11  17 *** *** * * *  2.1 10 ** ** ** ** ** ** ** 0   42   40 1029.0 ***** 1014.0  46  41 ***** *****  0.08  0.00 **
576870 ***** 202201102100 332   8  20 *** *** * * *  1.1 10 ** ** ** ** ** ** ** *   40   39 1028.7 ***** 1013.7  46  40 ***** *****  0.08 ***** **
576870 ***** 202201110000 317   4  20 *** *** * * *  0.6 10 ** ** ** ** ** ** ** 0   40   40 1029.8 ***** 1014.8  46  40 ***** *****  0.08 *****  0
576870 ***** 202201110300 324   9  20 *** *** * * *  2.2 10 ** ** ** ** ** ** ** 0   44   40 1030.4 ***** 1015.4  46  40 ***** *****  0.06 ***** **
576870 ***** 202201110600 001   3  20 *** *** * * *  3.2 10 ** ** ** ** ** ** ** 0   49   38 1026.6 ***** 1011.7  49  40 ***** *****  0.00 *****  0
576870 ***** 202201110900 341   2  17 *** *** * * *  3.4 05 ** ** ** ** ** ** ** 0   49   38 1025.5 ***** 1010.6  51  40 ***** ***** ***** ***** **
576870 ***** 202201111200 288   4  14 *** *** * * *  1.6 10 ** ** ** ** ** ** ** 0   41   39 1026.0 ***** 1011.0  51  40 ***** *****  0.00 ***** **
576870 ***** 202201111500 286   3  13 *** *** * * *  0.9 10 ** ** ** ** ** ** ** *   38   37 1026.6 ***** 1011.6  51  38 ***** ***** ***** ***** **
576870 ***** 202201111800 284   3 *** *** *** * * *  0.1 46 ** ** ** ** ** ** ** 0   36   36 1025.3 ***** 1010.3  51  36 ***** ***** ***** ***** **
576870 ***** 202201112100 360   0 *** *** *** * * *  0.1 46 ** ** ** ** ** ** ** *   32   32 1023.8 ***** 1008.8  51  33 ***** ***** ***** ***** **
576870 ***** 202201120000 251   2 *** *** *** * * *  0.1 46 ** ** ** ** ** ** ** 0   32   31 1024.7 ***** 1009.6  51  31 ***** *****  0.00 ***** **
576870 ***** 202201120300 114   5 *** *** *** * * *  5.6 00 ** ** ** ** ** ** ** 0   46   36 1025.8 ***** 1010.8  51  31 ***** ***** ***** ***** **
576870 ***** 202201120600 215   3 *** *** *** * * *  7.6 00 ** ** ** ** ** ** ** 0   51   36 1023.5 ***** 1008.6  52  31 ***** *****  0.00 ***** **
576870 ***** 202201120900 231   4 *** *** *** * * *  6.2 00 ** ** ** ** ** ** ** 0   49   37 1024.1 ***** 1009.1  52  31 ***** ***** ***** ***** **
576870 ***** 202201121200 026   1 *** *** *** * * *  5.4 00 ** ** ** ** ** ** ** 0   47   40 1025.6 ***** 1010.5  52  31 ***** *****  0.00 ***** **
576870 ***** 202201121500 283   3 *** *** *** * * *  4.4 10 ** ** ** ** ** ** ** *   46   41 1027.7 ***** 1012.8  52  31 ***** ***** ***** ***** **
576870 ***** 202201121800 332   7  19 *** *** * * *  2.4 10 ** ** ** ** ** ** ** 0   44   41 1028.3 ***** 1013.4  52  31 ***** ***** ***** ***** **
576870 ***** 202201122100 330   9  19 *** *** * * *  1.6 10 ** ** ** ** ** ** ** *   42   39 1028.8 ***** 1013.9  52  31 ***** ***** ***** ***** **
576870 ***** 202201130000 323   8  21 *** *** * * *  1.6 10 ** ** ** ** ** ** ** 0   40   38 1030.4 ***** 1015.4  52  32 ***** *****  0.00 ***** **
576870 ***** 202201130300 329  11  21 *** *** * * *  2.1 10 ** ** ** ** ** ** ** 0   44   38 1031.9 ***** 1016.9  52  40 ***** ***** ***** ***** **
576870 ***** 202201130600 329  10  21 *** *** * * *  4.1 05 ** ** ** ** ** ** ** 0   51   37 1027.8 ***** 1012.9  51  40 ***** *****  0.00 ***** **
576870 ***** 202201130900 338   7  21 *** *** * * *  4.6 05 ** ** ** ** ** ** ** 0   48   34 1026.6 ***** 1011.7  52  40 ***** ***** ***** ***** **
576870 ***** 202201131200 292   6  21 *** *** * * *  3.6 05 ** ** ** ** ** ** ** 0   46   35 1027.2 ***** 1012.2  52  40 ***** *****  0.00 ***** **
576870 ***** 202201131500 316   6  21 *** *** * * *  3.8 05 ** ** ** ** ** ** ** *   44   32 1026.7 ***** 1011.8  52  40 ***** ***** ***** ***** **
576870 ***** 202201131800 314   6  21 *** *** * * *  3.3 10 ** ** ** ** ** ** ** 0   43   33 1024.8 ***** 1010.0  52  40 ***** ***** ***** ***** **
576870 ***** 202201132100 284   1  14 *** *** * * *  2.8 10 ** ** ** ** ** ** ** *   42   35 1023.2 ***** 1008.3  52  40 *****  0.00  0.00  0.00 **
576870 ***** 202201140000 175   1  13 *** *** * * *  1.7 60 ** ** ** ** ** ** ** 0   41   39 1023.8 ***** 1008.9  52  41 *****  0.01  0.01 *****  0
576870 ***** 202201140300 322   2  12 *** *** * * *  4.3 10 ** ** ** ** ** ** ** 0   41   37 1025.4 ***** 1010.4  52  40 *****  0.03  0.03  0.03 **
576870 ***** 202201140600 325   4 *** *** *** * * *  2.1 10 ** ** ** ** ** ** ** 0   41   38 1023.0 ***** 1008.0  52  40 *****  0.02  0.03 *****  0
576870 ***** 202201140900 088   1 *** *** *** * * *  3.6 10 ** ** ** ** ** ** ** 0   43   37 1021.8 ***** 1006.9  48  40 ***** *****  0.03  0.03 **
576870 ***** 202201141200 057   2 *** *** *** * * *  4.6 00 ** ** ** ** ** ** ** 0   42   34 1023.3 ***** 1008.3  46  40 ***** *****  0.03 *****  0
576870 ***** 202201141500 280   2 *** *** *** * * *  3.2 10 ** ** ** ** ** ** ** *   41   37 1024.8 ***** 1009.8  44  40 ***** *****  0.03 ***** **
576870 ***** 202201141800 303   2 *** *** *** * * *  2.2 10 ** ** ** ** ** ** ** 0   41   39 1023.9 ***** 1008.9  43  40 ***** *****  0.03 ***** **
576870 ***** 202201142100 286   2 *** *** *** * * *  2.2 10 ** ** ** ** ** ** ** *   41   38 1023.7 ***** 1008.7  43  40 ***** *****  0.03 ***** **
576870 ***** 202201150000 274   2 *** *** *** * * *  2.3 10 ** ** ** ** ** ** ** 0   42   39 1025.0 ***** 1010.0  43  40 ***** *****  0.02 *****  0
576870 ***** 202201150300 308   4 *** *** *** * * *  2.5 10 ** ** ** ** ** ** ** 0   44   39 1025.6 ***** 1010.6  44  41 ***** ***** ***** ***** **
576870 ***** 202201150600 328   5  13 *** *** * * *  3.0 10 ** ** ** ** ** ** ** 0   45   39 1023.0 ***** 1008.1  46  41 ***** *****  0.00 ***** **
576870 ***** 202201150900 328   4  13 *** *** * * *  2.5 10 ** ** ** ** ** ** ** 0   44   39 1023.5 ***** 1008.6  46  41 ***** ***** ***** ***** **
576870 ***** 202201151200 335   4  13 *** *** * * *  2.2 21 ** ** ** ** ** ** ** 5   44   40 1025.2 ***** 1010.2  46  41 ***** ***** ***** ***** **
576870 ***** 202201151500 306   6  13 *** *** * * *  0.9 50 ** ** ** ** ** ** ** *   42   41 1026.6 ***** 1011.6  46  41 *****  0.01  0.01  0.01 **
576870 ***** 202201151800 302   4  11 *** *** * * *  1.4 10 ** ** ** ** ** ** ** 0   42   41 1026.4 ***** 1011.4  46  41 *****  0.02  0.02  0.02 **
576870 ***** 202201152100 326   5  11 *** *** * * *  1.6 10 ** ** ** ** ** ** ** *   42   40 1025.5 ***** 1010.5  46  41 *****  0.01  0.02  0.02 **
576870 ***** 202201160000 325   8  13 *** *** * * *  0.9 60 ** ** ** ** ** ** ** 5   41   40 1027.8 ***** 1012.8  46  41 *****  0.03  0.05 *****  0
576870 ***** 202201160300 322   8  13 *** *** * * *  1.2 60 ** ** ** ** ** ** ** 5   42   41 1028.1 ***** 1013.1  46  41 *****  0.07  0.09  0.08 **
576870 ***** 202201160600 310   7  13 *** *** * * *  1.3 60 ** ** ** ** ** ** ** 0   43   41 1026.4 ***** 1011.4  45  41 *****  0.06  0.11 *****  0
576870 ***** 202201160900 332   6  13 *** *** * * *  0.8 60 ** ** ** ** ** ** ** 5   43   42 1026.6 ***** 1011.6  44  41 *****  0.08  0.18  0.15 **
576870 ***** 202201161200 300   4  13 *** *** * * *  0.9 60 ** ** ** ** ** ** ** 0   44   42 1028.1 ***** 1013.1  44  41 *****  0.12  0.24 *****  0
576870 ***** 202201161500 269   2  13 *** *** * * *  0.6 60 ** ** ** ** ** ** ** *   43   42 1028.4 ***** 1013.4  44  41 *****  0.16  0.32  0.24 **
576870 ***** 202201161800 331   6  12 *** *** * * *  0.7 60 ** ** ** ** ** ** ** 0   43   42 1027.4 ***** 1012.4  44  41 *****  0.24  0.45  0.36 **
576870 ***** 202201162100 308   5 *** *** *** * * *  0.3 60 ** ** ** ** ** ** ** *   43   42 1026.3 ***** 1011.3  44  41 *****  0.23  0.54  0.39 **
576870 ***** 202201170000 329   7 *** *** *** * * *  0.6 60 ** ** ** ** ** ** ** 5   43   43 1028.4 ***** 1013.4  44  41 *****  0.15  0.57 *****  0
576870 ***** 202201170300 041   4 *** *** *** * * *  1.4 60 ** ** ** ** ** ** ** 5   46   44 1029.1 ***** 1014.1  46  42 *****  0.15  0.62  0.38 **
576870 ***** 202201170600 324   3 *** *** *** * * *  1.4 60 ** ** ** ** ** ** ** 0   47   45 1027.3 ***** 1012.4  47  43 *****  0.09  0.60 *****  0
576870 ***** 202201170900 321   5 *** *** *** * * *  1.0 60 ** ** ** ** ** ** ** 0   46   45 1027.1 ***** 1012.2  47  43 *****  0.00  0.54  0.15 **
576870 ***** 202201171200 266   2 *** *** *** * * *  0.5 10 ** ** ** ** ** ** ** 0   46   45 1028.2 ***** 1013.2  47  43 ***** *****  0.48 *****  0
576870 ***** 202201171500 314   3 *** *** *** * * *  1.0 10 ** ** ** ** ** ** ** *   46   44 1028.2 ***** 1013.3  47  43 ***** *****  0.38  0.00 **
576870 ***** 202201171800 292   5 *** *** *** * * *  1.6 10 ** ** ** ** ** ** ** 0   46   43 1027.4 ***** 1012.5  47  43 ***** *****  0.24 ***** **
576870 ***** 202201172100 321   7  15 *** *** * * *  1.9 10 ** ** ** ** ** ** ** *   46   42 1026.6 ***** 1011.7  47  43 ***** *****  0.15 ***** **
576870 ***** 202201180000 330   8  15 *** *** * * *  1.2 10 ** ** ** ** ** ** ** 0   44   42 1027.3 ***** 1012.4  47  43 ***** *****  0.09 *****  0
576870 ***** 202201180300 323  11  16 *** *** * * *  1.4 10 ** ** ** ** ** ** ** 0   45   42 1028.3 ***** 1013.4  47  43 ***** *****  0.00 ***** **
576870 ***** 202201180600 333   8  16 *** *** * * *  2.4 10 ** ** ** ** ** ** ** 0   51   41 1025.2 ***** 1010.4  51  43 ***** *****  0.00 ***** **
576870 ***** 202201180900 077   2  16 *** *** * * *  2.4 10 ** ** ** ** ** ** ** 0   51   43 1024.2 ***** 1009.4  53  43 ***** ***** ***** ***** **
576870 ***** 202201181200 269   3  16 *** *** * * *  1.1 10 ** ** ** ** ** ** ** 0   44   42 1024.6 ***** 1009.7  53  43 ***** *****  0.00 ***** **
576870 ***** 202201181500 272   2  15 *** *** * * *  0.7 28 ** ** ** ** ** ** ** *   42   41 1025.6 ***** 1010.7  53  42 ***** ***** ***** ***** **
576870 ***** 202201181800 108   2  12 *** *** * * *  0.2 45 ** ** ** ** ** ** ** 4   41   40 1024.6 ***** 1009.7  53  40 ***** ***** ***** ***** **
576870 ***** 202201182100 118   4 *** *** *** * * *  0.0 44 ** ** ** ** ** ** ** *   39   39 1023.8 ***** 1008.9  53  37 ***** ***** ***** ***** **
576870 ***** 202201190000 130   4 *** *** *** * * *  0.1 46 ** ** ** ** ** ** ** 0   40   39 1025.2 ***** 1010.2  53  37 ***** *****  0.00 ***** **
576870 ***** 202201190300 129   5 *** *** *** * * *  0.1 46 ** ** ** ** ** ** ** 0   44   44 1025.8 ***** 1010.8  53  37 ***** ***** ***** ***** **
576870 ***** 202201190600 119   4 *** *** *** * * *  1.6 10 ** ** ** ** ** ** ** 0   49   49 1023.4 ***** 1008.5  53  37 ***** *****  0.00 ***** **
576870 ***** 202201190900 113   3 *** *** *** * * *  3.2 10 ** ** ** ** ** ** ** 0   53   47 1022.2 ***** 1007.4  54  37 ***** ***** ***** ***** **
576870 ***** 202201191200 301   2 *** *** *** * * *  1.6 10 ** ** ** ** ** ** ** 0   48   46 1022.7 ***** 1007.8  54  37 ***** *****  0.00 ***** **
576870 ***** 202201191500 299   3 *** *** *** * * *  1.4 10 ** ** ** ** ** ** ** *   43   42 1023.3 ***** 1008.4  54  37 ***** ***** ***** ***** **
576870 ***** 202201191800 246   4 *** *** *** * * *  1.1 10 ** ** ** ** ** ** ** 0   44   43 1022.9 ***** 1008.1  54  37 ***** ***** ***** ***** **
576870 ***** 202201192100 304   8  13 *** *** * * *  0.1 45 ** ** ** ** ** ** ** *   45   44 1022.2 ***** 1007.5  54  39 ***** ***** ***** ***** **
576870 ***** 202201200000 014   4  17 *** *** * * *  0.1 45 ** ** ** ** ** ** ** 4   44   43 1023.5 ***** 1008.7  54  40 ***** *****  0.00 ***** **
576870 ***** 202201200300 321  11  19 *** *** * * *  0.2 46 ** ** ** ** ** ** ** 0   44   43 1025.1 ***** 1010.2  54  42 ***** ***** ***** ***** **
576870 ***** 202201200600 326   6  21 *** *** * * *  1.2 10 ** ** ** ** ** ** ** 0   46   44 1021.8 ***** 1007.0  54  42 ***** *****  0.00 ***** **
576870 ***** 202201200900 335   9  21 *** *** * * *  1.4 10 ** ** ** ** ** ** ** 0   46   43 1021.5 ***** 1006.7  53  42 ***** ***** ***** ***** **
576870 ***** 202201201200 085   4  21 *** *** * * *  0.7 60 ** ** ** ** ** ** ** 0   44   43 1021.1 ***** 1006.2  48  42 *****  0.06  0.06 *****  0
576870 ***** 202201201500 302   6  21 *** *** * * *  0.7 10 ** ** ** ** ** ** ** *   44   43 1022.6 ***** 1007.7  47  42 *****  0.09  0.09  0.09 **
576870 ***** 202201201800 316   4  19 *** *** * * *  0.6 60 ** ** ** ** ** ** ** 5   44   43 1022.5 ***** 1007.6  47  43 *****  0.05  0.11  0.11 **
576870 ***** 202201202100 309   8  19 *** *** * * *  0.5 60 ** ** ** ** ** ** ** *   44   43 1021.2 ***** 1006.4  47  44 *****  0.03  0.12  0.12 **
576870 ***** 202201210000 321   8  19 *** *** * * *  0.4 60 ** ** ** ** ** ** ** 5   45   44 1022.6 ***** 1007.7  47  44 *****  0.05  0.16 *****  0
576870 ***** 202201210300 318   7  15 *** *** * * *  0.4 10 ** ** ** ** ** ** ** 0   44   44 1023.1 ***** 1008.2  47  44 *****  0.06  0.18  0.09 **
576870 ***** 202201210600 328   8  17 *** *** * * *  0.1 45 ** ** ** ** ** ** ** 4   43   43 1020.6 ***** 1005.7  47  43 *****  0.02  0.18 *****  0
576870 ***** 202201210900 320  11  19 *** *** * * *  0.2 54 ** ** ** ** ** ** ** 4   42   41 1019.9 ***** 1005.0  46  42 ***** *****  0.18  0.06 **
576870 ***** 202201211200 308   6  19 *** *** * * *  2.4 60 ** ** ** ** ** ** ** 5   41   41 1020.3 ***** 1005.4  45  41 *****  0.02  0.13 *****  0
576870 ***** 202201211500 331  10  21 *** *** * * *  4.9 00 ** ** ** ** ** ** ** *   40   40 1020.2 ***** 1005.3  45  41 *****  0.02  0.11  0.02 **
576870 ***** 202201211800 307  10  21 *** *** * * *  4.4 60 ** ** ** ** ** ** ** 0   40   39 1020.2 ***** 1005.3  45  40 *****  0.15  0.23  0.16 **
576870 ***** 202201212100 317   9  21 *** *** * * *  6.8 00 ** ** ** ** ** ** ** *   39   38 1018.8 ***** 1003.9  45  39 *****  0.15  0.22  0.17 **
576870 ***** 202201220000 314  10  21 *** *** * * *  2.1 60 ** ** ** ** ** ** ** 0   38   38 1019.1 ***** 1004.1  45  38 *****  0.01  0.19 *****  0
576870 ***** 202201220300 314  10  20 *** *** * * *  2.1 62 ** ** ** ** ** ** ** 0   39   38 1019.5 ***** 1004.5  44  38 *****  0.14  0.31  0.29 **
576870 ***** 202201220600 316  14  23 *** *** * * *  1.3 10 ** ** ** ** ** ** ** 0   38   37 1016.9 ***** 1001.9  43  38 *****  0.16  0.33 *****  0
576870 ***** 202201220900 309   7  23 *** *** * * *  2.4 10 ** ** ** ** ** ** ** 0   38   37 1017.1 ***** 1002.1  42  38 *****  0.03  0.34  0.17 **
576870 ***** 202201221200 323  13  23 *** *** * * *  4.4 60 ** ** ** ** ** ** ** 0   37   36 1018.0 ***** 1003.0  41  37 *****  0.19  0.50 *****  0
576870 ***** 202201221500 303   9  26 *** *** * * *  5.9 23 ** ** ** ** ** ** ** *   38   37 1019.0 ***** 1004.0  41  37 *****  0.29  0.61  0.32 **
576870 ***** 202201221800 326   7  26 *** *** * * *  3.1 60 ** ** ** ** ** ** ** 0   37   36 1018.0 ***** 1003.0  40  37 *****  0.12  0.48  0.30 **
576870 ***** 202201222100 315  10  27 *** *** * * *  2.2 62 ** ** ** ** ** ** ** *   37   35 1018.0 ***** 1003.0  39  37 *****  0.32  0.78  0.61 **
576870 ***** 202201230000 323   9  27 *** *** * * *  5.7 60 ** ** ** ** ** ** ** 5   37   35 1020.5 ***** 1005.4  39  36 *****  0.42  0.89 *****  0
576870 ***** 202201230300 327  13  27 *** *** * * *  5.1 00 ** ** ** ** ** ** ** 0   37   35 1021.7 ***** 1006.6  39  36 *****  0.15  0.80  0.47 **
576870 ***** 202201230600 329  10  27 *** *** * * *  2.9 10 ** ** ** ** ** ** ** 0   37   36 1020.7 ***** 1005.6  38  36 *****  0.04  0.77 *****  0
576870 ***** 202201230900 331  10  24 *** *** * * *  4.9 00 ** ** ** ** ** ** ** 0   37   35 1021.6 ***** 1006.5  38  36 ***** *****  0.76  0.15 **
576870 ***** 202201231200 335   9  24 *** *** * * *  6.2 00 ** ** ** ** ** ** ** 0   37   35 1023.3 ***** 1008.2  38  36 ***** *****  0.58 *****  0
576870 ***** 202201231500 332   9  24 *** *** * * *  6.8 00 ** ** ** ** ** ** ** *   37   35 1024.1 ***** 1009.0  38  36 ***** *****  0.47 ***** **
576870 ***** 202201231800 324   8  22 *** *** * * *  2.1 10 ** ** ** ** ** ** ** 0   37   35 1024.3 ***** 1009.2  37  36 ***** *****  0.46 ***** **
576870 ***** 202201232100 324   9  21 *** *** * * *  1.9 10 ** ** ** ** ** ** ** *   36   35 1022.9 ***** 1007.8  37  36 ***** *****  0.15 ***** **
576870 ***** 202201240000 323   6  20 *** *** * * *  1.6 10 ** ** ** ** ** ** ** 0   36   35 1024.0 ***** 1008.9  37  36 ***** *****  0.04 *****  0
576870 ***** 202201240300 324  10  20 *** *** * * *  2.0 10 ** ** ** ** ** ** ** 0   37   35 1025.4 ***** 1010.3  37  36 ***** ***** ***** ***** **
576870 ***** 202201240600 333   6  20 *** *** * * *  1.2 62 ** ** ** ** ** ** ** 0   37   35 1022.9 ***** 1007.8  37  36 *****  0.05  0.05 *****  0
576870 ***** 202201240900 336   8  20 *** *** * * *  1.6 50 ** ** ** ** ** ** ** 0   37   36 1023.0 ***** 1007.9  37  36 *****  0.07  0.07  0.07 **
576870 ***** 202201241200 328   9  20 *** *** * * *  1.3 10 ** ** ** ** ** ** ** 0   37   36 1024.0 ***** 1008.9  37  36 *****  0.05  0.09 *****  0
576870 ***** 202201241500 327  10  20 *** *** * * *  1.6 10 ** ** ** ** ** ** ** *   37   36 1025.3 ***** 1010.2  37  36 *****  0.02  0.09  0.09 **
576870 ***** 202201241800 328   5  19 *** *** * * *  1.4 10 ** ** ** ** ** ** ** 0   37   36 1024.7 ***** 1009.6  37  36 ***** *****  0.09  0.05 **
576870 ***** 202201242100 339   5  19 *** *** * * *  0.6 10 ** ** ** ** ** ** ** *   37   37 1023.1 ***** 1008.0  37  36 ***** *****  0.09  0.02 **
576870 ***** 202201250000 329   6  19 *** *** * * *  1.5 60 ** ** ** ** ** ** ** 5   37   37 1024.1 ***** 1009.0  37  36 *****  0.06  0.16 *****  0
576870 ***** 202201250300 327   7  16 *** *** * * *  1.2 60 ** ** ** ** ** ** ** 5   38   37 1025.1 ***** 1010.0  38  37 *****  0.15  0.25  0.15 **
576870 ***** 202201250600 330   8  15 *** *** * * *  2.7 21 ** ** ** ** ** ** ** 5   38   37 1022.8 ***** 1007.7  38  37 *****  0.25  0.36 *****  0
576870 ***** 202201250900 331   6  15 *** *** * * *  2.9 60 ** ** ** ** ** ** ** 5   38   37 1022.2 ***** 1007.1  38  37 *****  0.20  0.37  0.35 **
576870 ***** 202201251200 323   7  15 *** *** * * *  2.2 10 ** ** ** ** ** ** ** 0   38   37 1023.5 ***** 1008.4  38  37 *****  0.05  0.37 *****  0
576870 ***** 202201251500 317   9  17 *** *** * * *  1.8 10 ** ** ** ** ** ** ** *   37   37 1023.7 ***** 1008.6  38  37 *****  0.02  0.37  0.22 **
576870 ***** 202201251800 314   6  17 *** *** * * *  1.2 10 ** ** ** ** ** ** ** 0   37   37 1022.9 ***** 1007.8  38  37 *****  0.01  0.38  0.06 **
576870 ***** 202201252100 323   8  17 *** *** * * *  2.4 20 ** ** ** ** ** ** ** *   37   37 1021.7 ***** 1006.6  38  37 *****  0.02  0.40  0.04 **
576870 ***** 202201260000 300   5  17 *** *** * * *  1.8 50 ** ** ** ** ** ** ** 6   37   37 1022.7 ***** 1007.6  38  37 *****  0.03  0.34 *****  0
576870 ***** 202201260300 321   7  15 *** *** * * *  2.2 10 ** ** ** ** ** ** ** 0   38   38 1023.4 ***** 1008.3  38  37 *****  0.03  0.27  0.05 **
576870 ***** 202201260600 302   8  19 *** *** * * *  4.0 21 ** ** ** ** ** ** ** 0   39   38 1021.3 ***** 1006.3  39  37 *****  0.03  0.12 *****  0
576870 ***** 202201260900 330   7  19 *** *** * * *  3.3 62 ** ** ** ** ** ** ** 5   39   38 1021.0 ***** 1006.0  39  37 *****  0.05  0.12  0.07 **
576870 ***** 202201261200 310   9  19 *** *** * * *  2.4 62 ** ** ** ** ** ** ** 5   38   38 1023.0 ***** 1007.9  39  37 *****  0.12  0.19 *****  0
576870 ***** 202201261500 348  10  19 *** *** * * *  2.6 60 ** ** ** ** ** ** ** *   39   38 1024.9 ***** 1009.8  39  37 *****  0.20  0.30  0.25 **
576870 ***** 202201261800 338  10  22 *** *** * * *  1.7 10 ** ** ** ** ** ** ** 0   38   38 1024.1 ***** 1009.0  39  37 *****  0.20  0.39  0.33 **
576870 ***** 202201262100 335  12  24 *** *** * * *  3.1 60 ** ** ** ** ** ** ** *   38   37 1024.2 ***** 1009.1  39  37 *****  0.09  0.37  0.30 **
576870 ***** 202201270000 331  11  25 *** *** * * *  2.8 21 ** ** ** ** ** ** ** 5   38   37 1025.9 ***** 1010.8  39  37 *****  0.28  0.63 *****  0
576870 ***** 202201270300 334  12  25 *** *** * * *  2.4 21 ** ** ** ** ** ** ** 0   37   36 1027.1 ***** 1012.0  39  37 *****  0.27  0.61 *****  0
576870 ***** 202201270600 320  10  26 *** *** * * *  4.7 00 ** ** ** ** ** ** ** 0   38   36 1026.0 ***** 1010.9  39  37 *****  0.02  0.62 *****  0
576870 ***** 202201270900 330   8  26 *** *** * * *  3.5 60 ** ** ** ** ** ** ** 5   37   36 1025.9 ***** 1010.8  39  37 *****  0.02  0.59 *****  0
576870 ***** 202201271200 339   9  26 *** *** * * *  3.6 60 ** ** ** ** ** ** ** 5   37   36 1027.2 ***** 1012.0  39  37 *****  0.08  0.57 *****  0
576870 ***** 202201271500 335   9  26 *** *** * * *  1.9 62 ** ** ** ** ** ** ** *   37   35 1028.0 ***** 1012.8  39  37 *****  0.28  0.67 *****  0
576870 ***** 202201271800 339   8  25 *** OVC * * *  2.2 62 ** ** ** ** ** ** ** 6   37   35 1027.1 ***** 1011.9  39  36 *****  0.40  0.77 *****  0
576870 ***** 202201272100 333  13  27 *** OVC * * *  3.9 60 ** ** ** ** ** ** ** 6   36   35 1026.1 ***** 1010.9  38  36 *****  0.44  1.02 *****  1
576870 ***** 202201280000 326   9  27 *** *** * * *  2.7 62 ** ** ** ** ** ** ** 0   35   34 1027.1 ***** 1011.9  38  35 *****  0.52  1.02 *****  1
576870 ***** 202201280300 319  17  28 *** *** * * *  2.0 62 ** ** ** ** ** ** ** 0   35   33 1028.1 ***** 1012.9  38  35 *****  0.48  1.22 *****  1
576870 ***** 202201280600 325  11  28 *** *** * * *  2.8 60 ** ** ** ** ** ** ** 7   35   33 1025.9 ***** 1010.7  38  35 *****  0.46  1.46 *****  1
576870 ***** 202201280900 318   8  28 *** *** * * *  1.9 62 ** ** ** ** ** ** ** 5   34   33 1025.7 ***** 1010.5  37  34 *****  0.39  1.59 *****  1
576870 ***** 202201281200 326  12  28 *** *** * * *  2.5 60 ** ** ** ** ** ** ** 0   34   33 1027.2 ***** 1012.0  37  34 *****  0.25  1.63 *****  1
576870 ***** 202201281500 325   9  28 *** OVC * * *  1.9 60 ** ** ** ** ** ** ** 6   33   32 1027.8 ***** 1012.5  37  33 *****  0.32  1.63 *****  1
576870 ***** 202201281800 324   9  23 *** OVC * * *  1.2 68 ** ** ** ** ** ** ** 7   33   33 1026.7 ***** 1011.5  37  33 *****  0.39  1.62 *****  1
576870 ***** 202201282100 329   8  23 *** *** * * *  0.9 70 ** ** ** ** ** ** ** *   32   31 1025.2 ***** 1009.9  36  32 *****  0.35  1.54 *****  1
576870 ***** 202201290000 334  10  23 *** *** * * *  1.0 70 ** ** ** ** ** ** ** 0   32   31 1026.0 ***** 1010.7  35  32 *****  0.24  1.34 *****  1
576870 ***** 202201290300 334   9  21 *** *** * * *  1.4 22 ** ** ** ** ** ** ** 0   32   32 1026.6 ***** 1011.3  35  32 *****  0.10  1.17 *****  0
576870 ***** 202201290600 317  11  21 *** *** * * *  1.8 10 ** ** ** ** ** ** ** 0   33   32 1024.3 ***** 1009.1  35  32 *****  0.06  0.94 *****  0
576870 ***** 202201290900 322   6  21 *** *** * * *  2.0 22 ** ** ** ** ** ** ** 0   34   32 1023.5 ***** 1008.3  34  32 *****  0.03  0.81 *****  0
576870 ***** 202201291200 337   9  21 *** *** * * *  2.8 10 ** ** ** ** ** ** ** 0   34   32 1025.7 ***** 1010.4  34  32 *****  0.01  0.70 *****  0
576870 ***** 202201291500 314   6  19 *** OVC * * *  3.0 10 ** ** ** ** ** ** ** *   34   32 1027.4 ***** 1012.1  34  32 ***** *****  0.48 *****  0
576870 ***** 202201291800 341   5  19 *** OVC * * *  5.2 00 ** ** ** ** ** ** ** 0   34   30 1027.6 ***** 1012.3  34  32 ***** *****  0.31 *****  0
576870 ***** 202201292100 299   4  19 *** OVC * * *  2.5 10 ** ** ** ** ** ** ** *   33   31 1026.5 ***** 1011.2  34  32 ***** *****  0.13 *****  0
576870 ***** 202201300000 070   2  15 *** *** * * *  2.5 10 ** ** ** ** ** ** ** 0   33   31 1027.4 ***** 1012.1  34  32 ***** *****  0.07 *****  0
576870 ***** 202201300300 293   6  15 *** *** * * *  4.1 10 ** ** ** ** ** ** ** 0   37   33 1028.9 ***** 1013.7  37  32 ***** *****  0.03 ***** **
576870 ***** 202201300600 038   5  11 *** *** * * *  6.9 00 ** ** ** ** ** ** ** 0   39   31 1026.9 ***** 1011.7  40  33 ***** *****  0.01 *****  0
576870 ***** 202201300900 321   3 *** *** *** * * *  6.4 00 ** ** ** ** ** ** ** 0   39   33 1026.6 ***** 1011.4  40  33 ***** ***** ***** ***** **
576870 ***** 202201301200 300   1 *** *** *** * * *  6.2 00 ** ** ** ** ** ** ** 0   38   33 1028.0 ***** 1012.8  40  33 ***** *****  0.00 ***** **
576870 ***** 202201301500 055   3 *** *** *** * * *  4.5 10 ** ** ** ** ** ** ** *   38   32 1028.3 ***** 1013.1  40  33 ***** ***** ***** ***** **
576870 ***** 202201301800 259   4 *** *** *** * * *  5.2 00 ** ** ** ** ** ** ** 0   38   34 1029.0 ***** 1013.9  40  33 ***** ***** ***** ***** **
576870 ***** 202201302100 049   4 *** *** *** * * *  3.9 10 ** ** ** ** ** ** ** *   37   34 1026.3 ***** 1011.2  40  33 ***** ***** ***** ***** **
576870 ***** 202201310000 264   1  12 *** *** * * *  2.8 21 ** ** ** ** ** ** ** 0   37   35 1027.7 ***** 1012.5  40  33 ***** ***** ***** ***** **
576870 ***** 202201310300 314   7  15 *** *** * * *  0.8 70 ** ** ** ** ** ** ** 6   33   32 1029.6 ***** 1014.4  40  33 *****  0.11  0.11  0.11 **
576870 ***** 202201310600 325   7  15 *** *** * * *  2.3 10 ** ** ** ** ** ** ** 0   35   34 1027.6 ***** 1012.4  40  33 *****  0.20  0.20 *****  0
576870 ***** 202201310900 328   3  15 *** *** * * *  4.2 10 ** ** ** ** ** ** ** 0   37   35 1027.2 ***** 1012.0  39  33 *****  0.09  0.20  0.20 **
576870 ***** 202201311200 321   3  15 *** *** * * *  1.4 10 ** ** ** ** ** ** ** 0   37   36 1027.5 ***** 1012.3  38  33 ***** *****  0.20 *****  0
576870 ***** 202201311500 336   5  13 *** *** * * *  1.4 60 ** ** ** ** ** ** ** *   38   36 1028.0 ***** 1012.8  38  33 ***** *****  0.20  0.09 **
576870 ***** 202201311800 337   6  17 *** *** * * *  1.1 60 ** ** ** ** ** ** ** 5   37   36 1028.0 ***** 1012.8  38  33 *****  0.04  0.25  0.04 **
576870 ***** 202201312100 326   6  17 *** *** * * *  0.9 60 ** ** ** ** ** ** ** *   37   36 1027.6 ***** 1012.4  38  33 *****  0.12  0.32  0.12 **
576870 ***** 202202010000 304   2  17 *** *** * * *  0.8 10 ** ** ** ** ** ** ** 0   37   36 1028.5 ***** 1013.3  38  33 *****  0.09  0.33 *****  0
576870 ***** 202202010300 346   3  17 *** *** * * *  2.2 10 ** ** ** ** ** ** ** 0   40   37 1028.8 ***** 1013.7  40  33 *****  0.01  0.22  0.13 **
576870 ***** 202202010600 322   5  15 *** *** * * *  1.8 60 ** ** ** ** ** ** ** 0   40   38 1027.2 ***** 1012.1  40  35 *****  0.00  0.13 *****  0
576870 ***** 202202010900 359   4 *** *** *** * * *  3.1 10 ** ** ** ** ** ** ** 0   40   38 1026.6 ***** 1011.5  40  37 *****  0.05  0.18  0.06 **
576870 ***** 202202011200 007   2  12 *** *** * * *  5.5 00 ** ** ** ** ** ** ** 0   39   37 1027.0 ***** 1011.9  40  37 *****  0.04  0.18 *****  0
576870 ***** 202202011500 305   6  12 *** OVC * * *  1.7 21 ** ** ** ** ** ** ** *   39   38 1028.5 ***** 1013.4  40  37 *****  0.03  0.21 *****  0
576870 ***** 202202011800 346   6  15 *** OVC * * *  1.7 50 ** ** ** ** ** ** ** 6   38   37 1027.9 ***** 1012.8  40  37 *****  0.11  0.25 *****  0
576870 ***** 202202012100 334  13  28 *** OVC * * *  1.5 60 ** ** ** ** ** ** ** *   35   34 1028.3 ***** 1013.1  40  35 *****  0.13  0.22 *****  0
576870 ***** 202202020000 324  14  29 *** *** * * *  3.4 10 ** ** ** ** ** ** ** 0   34   33 1030.2 ***** 1015.0  40  34 *****  0.05  0.21 *****  0
576870 ***** 202202020300 311  10  29 *** *** * * *  4.6 00 ** ** ** ** ** ** ** 0   34   32 1031.2 ***** 1016.0  40  34 *****  0.00  0.21 *****  0
576870 ***** 202202020600 317   9  29 *** *** * * *  2.6 70 ** ** ** ** ** ** ** 0   33   32 1028.9 ***** 1013.7  40  33 *****  0.02  0.22 *****  0
576870 ***** 202202020900 320   6  29 *** *** * * *  2.9 68 ** ** ** ** ** ** ** 0   34   33 1028.7 ***** 1013.4  40  33 *****  0.06  0.22 *****  0
576870 ***** 202202021200 332   7  26 *** *** * * *  1.9 10 ** ** ** ** ** ** ** 0   35   34 1029.0 ***** 1013.7  40  33 *****  0.06  0.23 *****  0
576870 ***** 202202021500 314   5  21 *** OVC * * *  2.3 10 ** ** ** ** ** ** ** 0   36   35 1029.7 ***** 1014.4  40  33 *****  0.01  0.20 *****  0
576870 ***** 202202021800 331   7  18 *** OVC * * *  3.8 10 ** ** ** ** ** ** ** 0   35   33 1028.4 ***** 1013.1  39  33 ***** *****  0.12 *****  0
576870 ***** 202202022100 328   7  14 *** OVC * * *  4.3 10 ** ** ** ** ** ** ** 0   35   33 1027.4 ***** 1012.2  36  33 ***** *****  0.07 *****  0
576870 ***** 202202030000 342   6  14 *** *** * * *  5.3 00 ** ** ** ** ** ** ** 0   35   33 1027.6 ***** 1012.4  36  33 ***** *****  0.07 *****  0
576870 ***** 202202030300 326   6  16 *** *** * * *  6.9 00 ** ** ** ** ** ** ** 0   38   35 1028.6 ***** 1013.4  38  33 ***** *****  0.07 *****  0
576870 ***** 202202030600 335   8  16 *** *** * * *  6.6 00 ** ** ** ** ** ** ** 0   41   33 1026.6 ***** 1011.5  41  33 ***** *****  0.06 *****  0
576870 ***** 202202030900 048   6  16 *** *** * * *  7.2 00 ** ** ** ** ** ** ** 0   41   34 1026.0 ***** 1010.9  43  34 ***** *****  0.01 *****  0
576870 ***** 202202031200 318   2  16 *** *** * * *  7.0 00 ** ** ** ** ** ** ** 0   40   35 1027.5 ***** 1012.3  43  35 ***** *****  0.00 ***** **
576870 ***** 202202031500 280   3  16 *** *** * * *  2.0 10 ** ** ** ** ** ** ** *   37   36 1028.6 ***** 1013.4  43  35 ***** ***** ***** ***** **
576870 ***** 202202031800 259   4  15 *** *** * * *  1.0 28 ** ** ** ** ** ** ** 0   34   33 1029.2 ***** 1014.0  43  34 ***** ***** ***** ***** **
576870 ***** 202202032100 246   4 *** *** *** * * *  1.4 10 ** ** ** ** ** ** ** *   35   34 1028.5 ***** 1013.3  43  34 ***** ***** ***** ***** **
576870 ***** 202202040000 310   3 *** *** *** * * *  2.5 10 ** ** ** ** ** ** ** 0   35   34 1029.9 ***** 1014.7  43  34 ***** *****  0.00 ***** **
576870 ***** 202202040300 001   5  13 *** *** * * *  7.0 00 ** ** ** ** ** ** ** 0   45   33 1031.6 ***** 1016.5  45  34 ***** ***** ***** ***** **
576870 ***** 202202040600 022   4  19 *** *** * * * 15.0 00 ** ** ** ** ** ** ** 0   48   31 1029.2 ***** 1014.1  49  34 ***** *****  0.00 ***** **
576870 ***** 202202040900 001   6  19 *** *** * * * 13.1 00 ** ** ** ** ** ** ** 0   47   34 1028.7 ***** 1013.6  49  34 ***** ***** ***** ***** **
576870 ***** 202202041200 310   1  19 *** *** * * *  8.4 00 ** ** ** ** ** ** ** 0   40   35 1030.0 ***** 1014.8  49  34 ***** *****  0.00 ***** **
576870 ***** 202202041500 352   1  19 *** *** * * *  2.9 10 ** ** ** ** ** ** ** *   38   36 1030.2 ***** 1015.1  49  34 ***** ***** ***** ***** **
576870 ***** 202202041800 265   2  16 *** *** * * *  2.1 10 ** ** ** ** ** ** ** 0   36   35 1030.2 ***** 1015.1  49  34 ***** ***** ***** ***** **
576870 ***** 202202042100 252   2  13 *** *** * * *  2.0 10 ** ** ** ** ** ** ** *   35   33 1029.6 ***** 1014.5  49  35 ***** ***** ***** ***** **
576870 ***** 202202050000 260   4 *** *** *** * * *  0.3 45 ** ** ** ** ** ** ** 4   32   32 1031.4 ***** 1016.2  49  31 ***** *****  0.00 ***** **
576870 ***** 202202050300 082   9  19 *** *** * * * 13.4 00 ** ** ** ** ** ** ** 0   47   31 1031.9 ***** 1016.8  49  31 ***** ***** ***** ***** **
576870 ***** 202202050600 060   6  19 *** *** * * * 18.8 00 ** ** ** ** ** ** ** 0   47   30 1029.4 ***** 1014.3  50  31 ***** *****  0.00 ***** **
576870 ***** 202202050900 150   6  19 *** *** * * * 18.8 00 ** ** ** ** ** ** ** 0   47   31 1028.5 ***** 1013.4  50  31 ***** ***** ***** ***** **
576870 ***** 202202051200 271   1  19 *** *** * * * 10.4 00 ** ** ** ** ** ** ** 0   42   34 1029.5 ***** 1014.3  50  31 ***** *****  0.00 ***** **
576870 ***** 202202051500 255   4  17 *** *** * * *  4.5 00 ** ** ** ** ** ** ** *   38   36 1029.6 ***** 1014.6  50  31 ***** ***** ***** ***** **
576870 ***** 202202051800 242   1  12 *** *** * * *  6.4 00 ** ** ** ** ** ** ** 0   40   35 1028.8 ***** 1013.8  50  31 ***** ***** ***** ***** **
576870 ***** 202202052100 275   2  12 *** *** * * *  7.4 00 ** ** ** ** ** ** ** *   40   37 1028.9 ***** 1013.9  50  31 ***** ***** ***** ***** **
576870 ***** 202202060000 311   4 *** *** OVC * * *  6.5 00 ** ** ** ** ** ** ** 0   40   37 1028.4 ***** 1013.3  50  32 ***** *****  0.00 ***** **
576870 ***** 202202060600 005   4  13 *** *** * * *  5.5 60 ** ** ** ** ** ** ** 5   43   38 1025.8 ***** 1010.8  49  38 *****  0.00  0.00 *****  0
576870 ***** 202202061200 030   5  13 *** *** * * *  3.2 10 ** ** ** ** ** ** ** 0   40   39 1023.5 ***** 1008.5  44  38 *****  0.01  0.02 *****  0
576870 ***** 202202061500 339   9  14 *** *** * * *  1.9 60 ** ** ** ** ** ** ** 6   40   38 1024.1 ***** 1009.1  44  38 *****  0.23  0.24 *****  0
576870 ***** 202202061800 307   8  21 *** OVC * * *  2.7 60 ** ** ** ** ** ** ** 6   36   35 1022.9 ***** 1007.9  44  36 *****  0.31  0.33 *****  0
576870 ***** 202202062100 308   7  27 *** *** * * *  1.2 70 ** ** ** ** ** ** ** *   32   31 1022.8 ***** 1007.7  44  32 *****  0.63  0.87 *****  1
576870 ***** 202202070000 317  15  27 *** *** * * *  2.3 70 ** ** ** ** ** ** ** 0   32   31 1025.2 ***** 1010.0  44  32 *****  0.70  1.03 *****  1
576870 ***** 202202070300 328   9  27 *** *** * * *  2.4 22 ** ** ** ** ** ** ** 0   32   31 1027.0 ***** 1011.8  44  32 *****  0.19  1.06 *****  1
576870 ***** 202202070600 332   9  27 *** *** * * *  3.8 10 ** ** ** ** ** ** ** 0   33   31 1026.7 ***** 1011.5  43  32 *****  0.04  1.06 *****  1
576870 ***** 202202070900 346   8  26 *** *** * * *  4.9 00 ** ** ** ** ** ** ** 0   34   31 1027.5 ***** 1012.2  42  32 ***** *****  1.05 *****  0
576870 ***** 202202071200 349   4  26 *** *** * * *  7.2 00 ** ** ** ** ** ** ** 0   33   31 1028.9 ***** 1013.6  41  32 ***** *****  1.05 *****  0
576870 ***** 202202071500 332   4  23 *** *** * * *  8.2 00 ** ** ** ** ** ** ** *   33   29 1030.4 ***** 1015.1  40  32 ***** *****  0.82 *****  0
576870 ***** 202202071800 331   4  21 *** OVC * * *  7.3 00 ** ** ** ** ** ** ** 0   34   30 1030.1 ***** 1014.8  36  32 ***** *****  0.74 *****  1
576870 ***** 202202072100 355   9  21 *** OVC * * *  6.6 00 ** ** ** ** ** ** ** 0   34   30 1029.6 ***** 1014.3  34  32 ***** *****  0.19 *****  0
576870 ***** 202202080000 007   6  20 *** *** * * *  7.1 00 ** ** ** ** ** ** ** 0   34   29 1030.5 ***** 1015.2  34  32 ***** *****  0.04 *****  0
576870 ***** 202202080300 322   5  20 *** *** * * *  6.7 00 ** ** ** ** ** ** ** 0   36   31 1031.1 ***** 1015.8  36  32 ***** *****  0.00 ***** **
576870 ***** 202202080600 325   6  20 *** *** * * *  3.2 70 ** ** ** ** ** ** ** 0   35   32 1028.7 ***** 1013.4  36  33 *****  0.02  0.02 *****  0
576870 ***** 202202080900 334   6  17 *** *** * * *  3.6 10 ** ** ** ** ** ** ** 0   34   32 1028.3 ***** 1013.0  36  33 *****  0.05  0.05 *****  0
576870 ***** 202202081200 326   4  15 *** *** * * *  3.2 10 ** ** ** ** ** ** ** 0   34   32 1028.3 ***** 1013.0  36  33 *****  0.04  0.06 *****  0
576870 ***** 202202081500 315   6  15 *** *** * * *  2.4 10 ** ** ** ** ** ** ** *   33   32 1028.8 ***** 1013.5  36  33 ***** *****  0.05 *****  0
576870 ***** 202202081800 317   6  15 *** *** * * *  2.7 68 ** ** ** ** ** ** ** 6   33   32 1028.1 ***** 1012.8  36  33 *****  0.09  0.14 *****  0
576870 ***** 202202082100 329   7  17 *** *** * * *  4.6 00 ** ** ** ** ** ** ** *   32   32 1027.4 ***** 1012.1  36  32 *****  0.26  0.31 *****  0
576870 ***** 202202090000 329   6  17 *** *** * * *  2.5 10 ** ** ** ** ** ** ** 0   32   32 1028.7 ***** 1013.4  36  32 *****  0.17  0.31 *****  0
576870 ***** 202202090300 300   4  17 *** *** * * *  2.2 10 ** ** ** ** ** ** ** 0   35   34 1029.4 ***** 1014.1  36  32 ***** *****  0.31 *****  0
576870 ***** 202202090600 332   4  17 *** *** * * *  3.9 10 ** ** ** ** ** ** ** 0   37   33 1026.7 ***** 1011.5  37  32 ***** *****  0.29 *****  0
576870 ***** 202202090900 097   3  16 *** *** * * *  7.0 00 ** ** ** ** ** ** ** 0   38   34 1025.2 ***** 1010.0  38  32 ***** *****  0.27 *****  0
576870 ***** 202202091200 318   3  12 *** *** * * *  5.2 00 ** ** ** ** ** ** ** 0   37   33 1025.8 ***** 1010.6  38  32 ***** *****  0.26 *****  0
576870 ***** 202202091500 299   2  12 *** *** * * *  6.6 00 ** ** ** ** ** ** ** *   36   33 1026.9 ***** 1011.7  38  32 ***** *****  0.26 ***** **
576870 ***** 202202091800 265   1 *** *** *** * * *  3.1 10 ** ** ** ** ** ** ** 0   36   34 1025.4 ***** 1010.2  38  32 ***** *****  0.17 ***** **
576870 ***** 202202092100 261   3 *** *** *** * * *  1.2 10 ** ** ** ** ** ** ** *   36   35 1024.5 ***** 1009.4  38  32 *****  0.02  0.02  0.02 **
576870 ***** 202202100000 300   2 *** *** *** * * *  1.3 10 ** ** ** ** ** ** ** 0   36   35 1025.2 ***** 1010.0  38  33 *****  0.02  0.02 *****  0
576870 ***** 202202100300 052   3 *** *** *** * * *  6.5 00 ** ** ** ** ** ** ** 0   40   35 1024.9 ***** 1009.8  40  35 ***** *****  0.02  0.02 **
576870 ***** 202202100600 327   3 *** *** *** * * *  3.2 60 ** ** ** ** ** ** ** 5   39   38 1021.5 ***** 1006.4  40  36 *****  0.04  0.06 *****  0
576870 ***** 202202100900 320   6 *** *** *** * * *  2.7 21 ** ** ** ** ** ** ** 0   38   37 1021.0 ***** 1005.9  40  36 *****  0.10  0.11  0.10 **
576870 ***** 202202101200 310   4 *** *** *** * * *  1.8 60 ** ** ** ** ** ** ** 0   38   38 1021.5 ***** 1006.4  40  36 *****  0.09  0.15 *****  0
576870 ***** 202202101500 327   3  12 *** *** * * *  1.5 60 ** ** ** ** ** ** ** *   39   38 1022.7 ***** 1007.7  40  36 *****  0.06  0.17  0.15 **
576870 ***** 202202101800 330   6  12 *** *** * * *  1.4 60 ** ** ** ** ** ** ** 0   39   38 1022.6 ***** 1007.6  40  36 *****  0.02  0.18  0.12 **
576870 ***** 202202102100 319   6  12 *** *** * * *  1.2 60 ** ** ** ** ** ** ** *   38   37 1022.3 ***** 1007.2  40  36 *****  0.03  0.18  0.08 **
576870 ***** 202202110000 312   7  13 *** *** * * *  1.4 50 ** ** ** ** ** ** ** 6   38   37 1023.8 ***** 1008.7  40  36 *****  0.03  0.19 *****  0
576870 ***** 202202110300 325   7  14 *** *** * * *  2.4 10 ** ** ** ** ** ** ** 0   40   37 1025.3 ***** 1010.2  40  38 *****  0.01  0.19  0.04 **
576870 ***** 202202110600 326   5  14 *** *** * * *  3.2 10 ** ** ** ** ** ** ** 0   41   37 1023.0 ***** 1008.0  42  38 ***** *****  0.15 *****  0
576870 ***** 202202110900 323   4  14 *** *** * * *  3.5 10 ** ** ** ** ** ** ** 0   42   37 1022.6 ***** 1007.6  42  38 ***** *****  0.09  0.01 **
576870 ***** 202202111200 327   5  14 *** *** * * *  3.1 10 ** ** ** ** ** ** ** 0   41   38 1024.2 ***** 1009.2  42  38 ***** *****  0.06 *****  0
576870 ***** 202202111500 337   4  12 *** *** * * *  3.4 10 ** ** ** ** ** ** ** *   41   38 1025.5 ***** 1010.5  42  38 ***** *****  0.04 ***** **
576870 ***** 202202111800 301   4  12 *** *** * * *  1.9 10 ** ** ** ** ** ** ** 0   38   37 1025.0 ***** 1010.0  42  38 ***** *****  0.03 ***** **
576870 ***** 202202112100 267   3 *** *** *** * * *  1.1 10 ** ** ** ** ** ** ** *   38   37 1024.3 ***** 1009.3  42  37 ***** *****  0.01 ***** **
576870 ***** 202202120000 333   8  13 *** *** * * *  2.7 10 ** ** ** ** ** ** ** 0   40   38 1025.1 ***** 1010.1  42  37 ***** *****  0.00 ***** **
576870 ***** 202202120300 324   7  18 *** *** * * *  2.2 10 ** ** ** ** ** ** ** 0   41   39 1025.9 ***** 1010.9  42  37 ***** ***** ***** ***** **
576870 ***** 202202120600 331   8  18 *** *** * * *  3.1 10 ** ** ** ** ** ** ** 0   43   38 1023.1 ***** 1008.1  43  37 ***** *****  0.00 ***** **
576870 ***** 202202120900 005   5  18 *** *** * * *  3.8 10 ** ** ** ** ** ** ** 0   44   37 1022.5 ***** 1007.5  44  37 *****  0.02  0.02  0.02 **
576870 ***** 202202121200 322   6  18 *** *** * * *  3.6 10 ** ** ** ** ** ** ** 0   42   38 1023.7 ***** 1008.7  44  37 *****  0.02  0.02 *****  0
576870 ***** 202202121500 002   5  15 *** *** * * *  4.1 10 ** ** ** ** ** ** ** *   43   37 1023.6 ***** 1008.6  44  37 ***** *****  0.02  0.02 **
576870 ***** 202202121800 324   6  15 *** *** * * *  2.5 60 ** ** ** ** ** ** ** 0   41   38 1023.1 ***** 1008.2  44  37 *****  0.00  0.03  0.03 **
576870 ***** 202202122100 301   3  15 *** *** * * *  1.1 60 ** ** ** ** ** ** ** *   40   38 1023.1 ***** 1008.1  44  38 *****  0.06  0.09  0.06 **
576870 ***** 202202130000 237   2  15 *** *** * * *  0.6 21 ** ** ** ** ** ** ** 0   39   38 1024.4 ***** 1009.4  44  39 *****  0.10  0.13 *****  0
576870 ***** 202202130300 327   7  13 *** *** * * *  2.4 10 ** ** ** ** ** ** ** 0   42   38 1024.7 ***** 1009.7  44  39 *****  0.04  0.13  0.11 **
576870 ***** 202202130600 352   3  13 *** *** * * *  4.1 10 ** ** ** ** ** ** ** 0   45   37 1021.4 ***** 1006.5  45  39 ***** *****  0.13 *****  0
576870 ***** 202202130900 340   4  13 *** *** * * *  4.1 10 ** ** ** ** ** ** ** 0   45   37 1021.6 ***** 1006.7  45  39 ***** *****  0.11  0.04 **
576870 ***** 202202131200 310   3 *** *** *** * * *  2.1 10 ** ** ** ** ** ** ** 0   40   38 1023.1 ***** 1008.1  45  39 ***** *****  0.11 *****  0
576870 ***** 202202131500 281   3 *** *** *** * * *  0.8 10 ** ** ** ** ** ** ** *   38   37 1025.2 ***** 1010.1  45  37 ***** *****  0.11 ***** **
576870 ***** 202202131800 258   3 *** *** *** * * *  0.1 45 ** ** ** ** ** ** ** 4   32   32 1025.6 ***** 1010.5  45  32 ***** *****  0.10 ***** **
576870 ***** 202202132100 306   3 *** *** *** * * *  0.1 46 ** ** ** ** ** ** ** *   30   30 1024.5 ***** 1009.4  45  30 ***** *****  0.04 ***** **
576870 ***** 202202140000 263   3 *** *** *** * * *  0.1 46 ** ** ** ** ** ** ** 0   32   31 1025.4 ***** 1010.2  45  30 ***** *****  0.00 ***** **
576870 ***** 202202140300 191   5 *** *** *** * * *  7.3 00 ** ** ** ** ** ** ** 0   46   38 1025.1 ***** 1010.1  46  30 ***** ***** ***** ***** **
576870 ***** 202202140600 139   5  12 *** *** * * * 11.0 00 ** ** ** ** ** ** ** 0   48   37 1023.1 ***** 1008.1  48  30 ***** *****  0.00 ***** **
576870 ***** 202202140900 126   5  12 *** *** * * * 10.4 00 ** ** ** ** ** ** ** 0   47   37 1021.8 ***** 1006.8  48  30 ***** ***** ***** ***** **
576870 ***** 202202141200 083   2  12 *** *** * * *  7.7 00 ** ** ** ** ** ** ** 0   46   37 1022.7 ***** 1007.7  48  30 ***** *****  0.00 ***** **
576870 ***** 202202141500 311   3  12 *** *** * * *  6.4 00 ** ** ** ** ** ** ** *   43   39 1025.2 ***** 1010.3  48  30 ***** ***** ***** ***** **
576870 ***** 202202141800 257   2  11 *** *** * * *  6.2 00 ** ** ** ** ** ** ** 0   43   39 1025.4 ***** 1010.5  48  30 ***** ***** ***** ***** **
576870 ***** 202202142100 309   7 *** *** *** * * *  4.2 10 ** ** ** ** ** ** ** *   43   39 1024.7 ***** 1009.8  48  30 ***** ***** ***** ***** **
576870 ***** 202202150000 360   0  12 *** *** * * *  3.0 10 ** ** ** ** ** ** ** 0   42   40 1024.9 ***** 1010.0  48  32 ***** *****  0.00 ***** **
576870 ***** 202202150300 334   6  12 *** *** * * *  4.9 00 ** ** ** ** ** ** ** 0   46   39 1025.5 ***** 1010.6  48  42 ***** ***** ***** ***** **
576870 ***** 202202150600 353   4  13 *** *** * * *  5.0 00 ** ** ** ** ** ** ** 0   48   38 1022.6 ***** 1007.8  48  42 ***** *****  0.00 ***** **
576870 ***** 202202150900 333   5  13 *** *** * * *  5.6 00 ** ** ** ** ** ** ** 0   48   38 1020.7 ***** 1005.9  50  42 ***** ***** ***** ***** **
576870 ***** 202202151200 296   5  13 *** *** * * *  3.0 10 ** ** ** ** ** ** ** 0   46   40 1021.5 ***** 1006.6  50  42 ***** *****  0.00 ***** **
576870 ***** 202202151500 272   2  13 *** *** * * *  2.2 10 ** ** ** ** ** ** ** *   43   40 1022.4 ***** 1007.5  50  42 ***** ***** ***** ***** **
576870 ***** 202202151800 260   2 *** *** *** * * *  2.2 10 ** ** ** ** ** ** ** 0   44   40 1021.9 ***** 1007.1  50  42 ***** ***** ***** ***** **
576870 ***** 202202152100 303   5 *** *** *** * * *  2.2 10 ** ** ** ** ** ** ** *   44   40 1020.9 ***** 1006.1  50  42 ***** ***** ***** ***** **
576870 ***** 202202160000 252   2 *** *** *** * * *  1.1 60 ** ** ** ** ** ** ** 5   43   42 1021.6 ***** 1006.7  50  42 *****  0.01  0.01 *****  0
576870 ***** 202202160300 046   1 *** *** *** * * *  1.8 10 ** ** ** ** ** ** ** 0   46   43 1022.3 ***** 1007.4  50  43 *****  0.01  0.01  0.01 **
576870 ***** 202202160600 031   5 *** *** *** * * *  3.9 10 ** ** ** ** ** ** ** 0   47   42 1019.5 ***** 1004.7  50  43 ***** *****  0.01 *****  0
576870 ***** 202202160900 005   5 *** *** *** * * *  3.1 10 ** ** ** ** ** ** ** 0   47   42 1017.7 ***** 1002.9  48  43 ***** *****  0.01  0.01 **
576870 ***** 202202161200 339   5  13 *** *** * * *  2.0 60 ** ** ** ** ** ** ** 5   45   43 1019.1 ***** 1004.3  47  43 *****  0.02  0.03 *****  0
576870 ***** 202202161500 317   3  16 *** OVC * * *  2.2 60 ** ** ** ** ** ** ** 6   44   42 1019.7 ***** 1004.9  47  43 *****  0.04  0.05 *****  0
576870 ***** 202202161800 327   4  16 *** *** * * *  1.5 60 ** ** ** ** ** ** ** 0   43   42 1018.2 ***** 1003.4  47  43 *****  0.19  0.22 *****  0
576870 ***** 202202162100 317   6  16 *** *** * * *  1.8 60 ** ** ** ** ** ** ** *   43   42 1018.2 ***** 1003.4  47  43 *****  0.28  0.33 *****  0
576870 ***** 202202170000 332   7  17 *** *** * * *  2.2 60 ** ** ** ** ** ** ** 5   43   42 1019.0 ***** 1004.2  47  43 *****  0.17  0.37 *****  0
576870 ***** 202202170300 305  10  20 *** *** * * *  2.7 50 ** ** ** ** ** ** ** 6   41   40 1021.5 ***** 1006.6  47  41 *****  0.17  0.48 *****  0
576870 ***** 202202170600 330  14  31 *** *** * * *  3.7 60 ** ** ** ** ** ** ** 0   40   38 1019.7 ***** 1004.8  47  40 *****  0.15  0.52 *****  0
576870 ***** 202202170900 321  10  31 *** *** * * *  5.7 60 ** ** ** ** ** ** ** 5   38   37 1020.5 ***** 1005.5  47  38 *****  0.18  0.67 *****  0
576870 ***** 202202171200 329   9  31 *** *** * * *  6.0 60 ** ** ** ** ** ** ** 0   38   37 1023.1 ***** 1008.1  44  37 *****  0.19  0.70 *****  0
576870 ***** 202202171500 329  16  31 *** *** * * *  2.5 10 ** ** ** ** ** ** ** *   37   36 1024.8 ***** 1009.7  44  37 *****  0.06  0.69 *****  0
576870 ***** 202202171800 342  11  29 *** OVC * * *  2.0 62 ** ** ** ** ** ** ** 6   35   35 1023.8 ***** 1008.7  43  35 *****  0.07  0.58 *****  0
576870 ***** 202202172100 328  11  29 *** OVC * * *  2.6 62 ** ** ** ** ** ** ** 6   34   33 1023.6 ***** 1008.5  43  34 *****  0.28  0.69 *****  0
576870 ***** 202202180000 331  15  29 *** *** * * *  3.8 21 ** ** ** ** ** ** ** 5   33   32 1026.0 ***** 1010.8  43  33 *****  0.32  0.74 *****  0
576870 ***** 202202180300 331  14  29 *** *** * * *  3.4 60 ** ** ** ** ** ** ** 0   33   32 1027.2 ***** 1012.0  41  33 *****  0.11  0.64 *****  0
576870 ***** 202202180600 327  13  29 *** *** * * *  3.1 60 ** ** ** ** ** ** ** 5   33   31 1025.3 ***** 1010.1  40  33 *****  0.03  0.61 *****  0
576870 ***** 202202180900 326  11  29 *** *** * * *  4.2 10 ** ** ** ** ** ** ** 0   34   31 1025.4 ***** 1010.2  38  33 *****  0.01  0.47 *****  0
576870 ***** 202202181200 334  12  29 *** *** * * *  4.2 10 ** ** ** ** ** ** ** 0   34   32 1027.8 ***** 1012.5  38  33 *****  0.00  0.43 *****  0
576870 ***** 202202181500 345   9  27 *** OVC * * *  5.3 00 ** ** ** ** ** ** ** 6   35   32 1029.5 ***** 1014.2  37  33 *****  0.00  0.41 *****  0
576870 ***** 202202181800 339  11  27 *** *** * * *  4.2 23 ** ** ** ** ** ** ** 0   35   32 1029.9 ***** 1014.6  35  33 ***** *****  0.35 *****  0
576870 ***** 202202182100 338   9  27 *** *** * * *  3.3 70 ** ** ** ** ** ** ** *   34   32 1030.0 ***** 1014.7  35  33 *****  0.00  0.13 *****  0
576870 ***** 202202190000 349  12  24 *** *** * * *  3.4 23 ** ** ** ** ** ** ** 0   34   32 1031.4 ***** 1016.1  35  33 *****  0.02  0.05 *****  0
576870 ***** 202202190300 357  10  24 *** *** * * *  5.1 00 ** ** ** ** ** ** ** 0   36   32 1032.6 ***** 1017.3  36  33 *****  0.02  0.04 *****  0
576870 ***** 202202190600 344  10  26 *** *** * * *  5.1 00 ** ** ** ** ** ** ** 0   39   33 1030.4 ***** 1015.2  39  33 *****  0.00  0.02 *****  0
576870 ***** 202202190900 340   9  26 *** *** * * *  6.6 00 ** ** ** ** ** ** ** 0   39   34 1030.1 ***** 1014.9  40  34 ***** *****  0.02 *****  0
576870 ***** 202202191200 002  10  26 *** *** * * *  7.7 00 ** ** ** ** ** ** ** 0   39   33 1032.6 ***** 1017.3  40  34 ***** *****  0.02 *****  0
576870 ***** 202202191500 002  11  26 *** OVC * * *  8.1 00 ** ** ** ** ** ** ** *   38   33 1033.1 ***** 1017.9  40  34 ***** *****  0.02 *****  0
576870 ***** 202202191800 337   8  24 *** BKN * * *  6.1 00 ** ** ** ** ** ** ** 0   37   32 1032.8 ***** 1017.6  40  34 ***** *****  0.02 *****  0
576870 ***** 202202192100 323   3  21 *** OVC * * *  5.2 00 ** ** ** ** ** ** ** *   36   32 1032.4 ***** 1017.2  40  34 ***** *****  0.02 *****  0
576870 ***** 202202200000 334   4  19 *** *** * * *  3.5 10 ** ** ** ** ** ** ** 0   36   33 1033.6 ***** 1018.3  40  34 ***** *****  0.00 *****  0
576870 ***** 202202200300 324  11  18 *** *** * * *  4.5 10 ** ** ** ** ** ** ** 0   37   33 1034.9 ***** 1019.6  40  35 ***** *****  0.00 ***** **
576870 ***** 202202200600 322   6  17 *** *** * * *  4.9 00 ** ** ** ** ** ** ** 0   39   33 1031.9 ***** 1016.7  40  35 ***** *****  0.00 ***** **
576870 ***** 202202200900 323   6  19 *** *** * * *  4.1 10 ** ** ** ** ** ** ** 0   38   33 1031.2 ***** 1016.0  39  35 ***** *****  0.00 ***** **
576870 ***** 202202201200 311   4  19 *** *** * * *  3.1 10 ** ** ** ** ** ** ** 0   37   33 1032.4 ***** 1017.1  39  35 ***** *****  0.00 ***** **
576870 ***** 202202201500 330   5  19 *** OVC * * *  3.1 10 ** ** ** ** ** ** ** 0   37   33 1031.8 ***** 1016.6  39  35 ***** *****  0.00 ***** **
576870 ***** 202202201800 301   6  19 *** OVC * * *  3.0 10 ** ** ** ** ** ** ** 0   37   33 1031.8 ***** 1016.6  39  35 ***** *****  0.00 ***** **
576870 ***** 202202202100 271   2  12 *** OVC * * *  2.9 10 ** ** ** ** ** ** ** *   37   33 1029.9 ***** 1014.7  39  35 ***** *****  0.00 ***** **
576870 ***** 202202210000 326   8 *** *** *** * * *  2.6 10 ** ** ** ** ** ** ** 0   37   33 1032.0 ***** 1016.8  39  35 ***** *****  0.00 ***** **
576870 ***** 202202210300 358   4 *** *** *** * * *  5.2 68 ** ** ** ** ** ** ** 6   40   31 1033.3 ***** 1018.1  40  36 ***** ***** ***** ***** **
576870 ***** 202202210600 115   3  15 *** *** * * *  5.3 70 ** ** ** ** ** ** ** 0   37   33 1032.2 ***** 1017.0  40  36 *****  0.02  0.02 *****  0
576870 ***** 202202210900 133   4  15 *** *** * * * 12.1 00 ** ** ** ** ** ** ** 0   38   32 1031.8 ***** 1016.6  40  36 *****  0.02  0.02 *****  0
576870 ***** 202202211200 119   3  15 *** *** * * *  8.1 00 ** ** ** ** ** ** ** 0   37   34 1032.6 ***** 1017.3  40  36 *****  0.00  0.02 *****  0
576870 ***** 202202211500 142   1  15 *** *** * * *  6.1 00 ** ** ** ** ** ** ** *   36   34 1032.4 ***** 1017.2  40  36 ***** *****  0.02 *****  0
576870 ***** 202202211800 289   5 *** *** OVC * * *  0.5 69 ** ** ** ** ** ** ** 7   32   32 1033.6 ***** 1018.3  40  33 *****  0.12  0.14 *****  0
576870 ***** 202202212100 030   6 *** *** OVC * * *  0.7 72 ** ** ** ** ** ** ** *   32   32 1031.8 ***** 1016.5  40  32 *****  0.27  0.29 *****  0
576870 ***** 202202220000 030   6 *** *** *** * * *  1.8 70 ** ** ** ** ** ** ** 0   32   32 1033.1 ***** 1017.8  40  32 *****  0.20  0.35 *****  0
576870 ***** 202202220300 325   6  13 *** *** * * *  1.4 70 ** ** ** ** ** ** ** 0   33   32 1034.0 ***** 1018.7  40  32 *****  0.15  0.44 *****  0
576870 ***** 202202220600 293   4  13 *** *** * * *  0.6 72 ** ** ** ** ** ** ** 0   33   32 1032.0 ***** 1016.6  38  32 *****  0.32  0.65 *****  0
576870 ***** 202202220900 298   4  13 *** *** * * *  0.3 72 ** ** ** ** ** ** ** 4   32   31 1032.0 ***** 1016.6  38  32 *****  0.45  0.87 *****  1
576870 ***** 202202221200 310   6  13 *** *** * * *  0.4 72 ** ** ** ** ** ** ** 6   32   32 1033.8 ***** 1018.4  37  32 *****  0.42  1.06 *****  1
576870 ***** 202202221500 313   3  12 *** *** * * *  1.3 68 ** ** ** ** ** ** ** *   32   32 1035.5 ***** 1020.1  36  32 *****  0.35  1.22 *****  1
576870 ***** 202202221800 256   2  12 *** *** * * *  1.6 10 ** ** ** ** ** ** ** 0   33   32 1034.8 ***** 1019.4  33  32 *****  0.22  1.16 *****  1
576870 ***** 202202222100 298   3  12 *** *** * * *  0.7 28 ** ** ** ** ** ** ** *   33   32 1034.8 ***** 1019.4  33  32 *****  0.06  1.01 *****  0
576870 ***** 202202230000 264   2  12 *** *** * * *  0.5 10 ** ** ** ** ** ** ** 0   34   33 1035.3 ***** 1019.9  34  32 *****  0.01  0.96 *****  0
576870 ***** 202202230300 326   4 *** *** *** * * *  2.6 10 ** ** ** ** ** ** ** 0   39   36 1035.7 ***** 1020.4  39  32 ***** *****  0.86 *****  0
576870 ***** 202202230600 332   9  13 *** *** * * *  8.9 00 ** ** ** ** ** ** ** 0   42   34 1033.3 ***** 1018.1  43  32 ***** *****  0.65 *****  0
576870 ***** 202202230900 042   4  15 *** *** * * *  9.2 00 ** ** ** ** ** ** ** 0   44   34 1032.8 ***** 1017.6  45  32 ***** *****  0.41 *****  0
576870 ***** 202202231200 269   3  15 *** *** * * *  4.9 00 ** ** ** ** ** ** ** 0   40   38 1033.8 ***** 1018.5  45  32 ***** *****  0.23 *****  0
576870 ***** 202202231500 302   1  15 *** *** * * *  0.8 10 ** ** ** ** ** ** ** *   37   35 1034.5 ***** 1019.2  45  32 ***** *****  0.06 *****  0
576870 ***** 202202231800 268   4  15 *** *** * * *  0.1 45 ** ** ** ** ** ** ** 4   32   31 1034.0 ***** 1018.7  45  32 ***** ***** ***** ***** **
576870 ***** 202202232100 341   2 *** *** *** * * *  1.2 10 ** ** ** ** ** ** ** *   32   32 1033.2 ***** 1018.0  45  32 ***** ***** ***** ***** **
576870 ***** 202202240000 360   0 *** *** *** * * *  0.8 28 ** ** ** ** ** ** ** 0   32   31 1034.6 ***** 1019.3  45  30 ***** *****  0.00 ***** **
576870 ***** 202202240300 099   5 *** *** *** * * *  5.8 00 ** ** ** ** ** ** ** 0   46   38 1034.3 ***** 1019.2  46  30 ***** ***** ***** ***** **
576870 ***** 202202240600 294   7 *** *** *** * * * 10.4 00 ** ** ** ** ** ** ** 0   47   33 1030.9 ***** 1015.8  50  30 ***** *****  0.00 ***** **
576870 ***** 202202240900 284   2 *** *** *** * * * 11.6 00 ** ** ** ** ** ** ** 0   49   32 1030.0 ***** 1014.9  50  30 ***** ***** ***** ***** **
576870 ***** 202202241200 282   3 *** *** *** * * *  6.5 00 ** ** ** ** ** ** ** 0   41   35 1030.2 ***** 1015.0  50  30 ***** *****  0.00 ***** **
576870 ***** 202202241500 293   4 *** *** *** * * *  2.5 10 ** ** ** ** ** ** ** *   36   34 1031.2 ***** 1016.1  50  30 ***** ***** ***** ***** **
576870 ***** 202202241800 329   3 *** *** *** * * *  2.4 10 ** ** ** ** ** ** ** 0   34   33 1029.9 ***** 1014.8  50  30 ***** ***** ***** ***** **
576870 ***** 202202242100 280   2 *** *** *** * * *  1.8 10 ** ** ** ** ** ** ** *   32   31 1028.9 ***** 1013.8  50  30 ***** ***** ***** ***** **
576870 ***** 202202250000 102   3 *** *** *** * * *  1.1 10 ** ** ** ** ** ** ** 0   35   35 1029.8 ***** 1014.6  50  32 ***** *****  0.00 ***** **
576870 ***** 202202250300 253   3 *** *** *** * * *  6.7 00 ** ** ** ** ** ** ** 0   47   37 1030.1 ***** 1015.0  50  32 ***** ***** ***** ***** **
576870 ***** 202202250600 146   5  14 *** *** * * * 14.8 00 ** ** ** ** ** ** ** 0   53   36 1026.3 ***** 1011.3  53  32 ***** *****  0.00 ***** **
576870 ***** 202202250900 175   7  14 *** *** * * * 12.2 00 ** ** ** ** ** ** ** 0   52   36 1025.0 ***** 1010.0  55  32 ***** ***** ***** ***** **
576870 ***** 202202251200 297   2  14 *** *** * * *  8.6 00 ** ** ** ** ** ** ** 0   45   38 1025.1 ***** 1010.1  55  32 ***** *****  0.00 ***** **
576870 ***** 202202251500 309   3  14 *** *** * * *  5.3 00 ** ** ** ** ** ** ** *   42   38 1025.6 ***** 1010.7  55  32 ***** ***** ***** ***** **
576870 ***** 202202251800 290   1  13 *** *** * * *  5.6 00 ** ** ** ** ** ** ** 0   40   37 1025.3 ***** 1010.4  55  32 ***** ***** ***** ***** **
576870 ***** 202202252100 100   2 *** *** *** * * *  4.9 00 ** ** ** ** ** ** ** *   41   38 1024.8 ***** 1010.0  55  32 ***** ***** ***** ***** **
576870 ***** 202202260000 116   4 *** *** *** * * *  4.9 00 ** ** ** ** ** ** ** 0   43   40 1026.5 ***** 1011.6  55  35 ***** *****  0.00 ***** **
576870 ***** 202202260300 237   3 *** *** *** * * *  9.2 00 ** ** ** ** ** ** ** 0   54   41 1027.0 ***** 1012.2  55  40 ***** ***** ***** ***** **
576870 ***** 202202260600 066   2 *** *** *** * * * 14.6 00 ** ** ** ** ** ** ** 0   59   40 1024.1 ***** 1009.4  59  40 ***** *****  0.00 ***** **
576870 ***** 202202260900 163   2 *** *** *** * * * 16.2 00 ** ** ** ** ** ** ** 0   57   43 1023.3 ***** 1008.6  60  40 ***** ***** ***** ***** **
576870 ***** 202202261200 285   3 *** *** *** * * * 11.7 00 ** ** ** ** ** ** ** 0   53   44 1023.8 ***** 1009.0  60  40 ***** *****  0.00 ***** **
576870 ***** 202202261500 266   3 *** *** *** * * *  6.9 00 ** ** ** ** ** ** ** *   46   44 1024.2 ***** 1009.5  60  40 ***** ***** ***** ***** **
576870 ***** 202202261800 306   4 *** *** *** * * *  4.8 00 ** ** ** ** ** ** ** 0   42   40 1023.4 ***** 1008.7  60  40 ***** ***** ***** ***** **
576870 ***** 202202262100 294   3 *** *** *** * * *  5.0 00 ** ** ** ** ** ** ** *   41   40 1022.2 ***** 1007.5  60  41 ***** ***** ***** ***** **
576870 ***** 202202270000 131   3 *** *** *** * * *  5.6 00 ** ** ** ** ** ** ** 0   43   42 1022.4 ***** 1007.6  60  39 ***** *****  0.00 ***** **
576870 ***** 202202270300 136   6  11 *** *** * * *  9.9 00 ** ** ** ** ** ** ** 0   59   44 1022.2 ***** 1007.6  60  39 ***** ***** ***** ***** **
576870 ***** 202202270600 130   7  14 *** *** * * * 15.4 00 ** ** ** ** ** ** ** 0   65   41 1017.5 ***** 1003.0  66  39 ***** *****  0.00 ***** **
576870 ***** 202202270900 178   7  15 *** *** * * * 16.9 00 ** ** ** ** ** ** ** 0   66   45 1015.0 ***** 1000.5  68  39 ***** ***** ***** ***** **
576870 ***** 202202271200 082   3  15 *** *** * * * 14.4 00 ** ** ** ** ** ** ** 0   62   48 1015.9 ***** 1001.3  68  39 ***** *****  0.00 ***** **
576870 ***** 202202271500 085   4  15 *** *** * * * 13.2 00 ** ** ** ** ** ** ** *   58   46 1016.9 ***** 1002.5  68  39 ***** ***** ***** ***** **
576870 ***** 202202271800 360   0  15 *** *** * * * 10.2 00 ** ** ** ** ** ** ** 0   53   45 1016.7 ***** 1002.3  68  39 ***** ***** ***** ***** **
576870 ***** 202202272100 224   2  13 *** *** * * *  7.6 00 ** ** ** ** ** ** ** *   49   45 1016.1 ***** 1001.7  68  39 ***** ***** ***** ***** **
576870 ***** 202202280000 286   3 *** *** *** * * *  9.0 00 ** ** ** ** ** ** ** 0   48   45 1017.5 ***** 1003.0  68  43 ***** *****  0.00 ***** **
576870 ***** 202202280300 104   4 *** *** *** * * *  9.8 00 ** ** ** ** ** ** ** 0   57   46 1017.4 ***** 1003.0  68  48 ***** ***** ***** ***** **
576870 ***** 202202280600 124   6  15 *** *** * * * 12.4 00 ** ** ** ** ** ** ** 0   66   51 1014.5 ***** 1000.2  68  48 ***** *****  0.00 ***** **
576870 ***** 202202280900 124   2  15 *** *** * * * 12.8 00 ** ** ** ** ** ** ** 0   67   53 1013.6 *****  999.2  67  48 ***** ***** ***** ***** **
576870 ***** 202202281200 305   7  15 *** *** * * *  8.2 00 ** ** ** ** ** ** ** 0   61   52 1016.6 ***** 1002.1  67  48 ***** *****  0.00 ***** **
576870 ***** 202202281500 310  11  25 *** *** * * *  5.7 00 ** ** ** ** ** ** ** *   57   48 1019.1 ***** 1004.6  67  48 ***** ***** ***** ***** **
576870 ***** 202202281800 323   6  25 *** *** * * *  6.0 00 ** ** ** ** ** ** ** 0   56   49 1019.6 ***** 1005.2  67  48 ***** ***** ***** ***** **
576870 ***** 202202282100 319  10  25 *** *** * * *  3.1 10 ** ** ** ** ** ** ** *   55   49 1020.0 ***** 1005.6  67  48 ***** ***** ***** ***** **
576870 ***** 202203010000 333  14  25 *** *** * * *  3.8 10 ** ** ** ** ** ** ** 0   54   46 1022.0 ***** 1007.5  67  49 ***** *****  0.00 ***** **
576870 ***** 202203010300 003  15  27 *** *** * * *  5.6 00 ** ** ** ** ** ** ** 0   56   43 1024.3 ***** 1009.7  67  53 ***** ***** ***** ***** **
576870 ***** 202203010600 346   5  27 *** *** * * *  5.6 21 ** ** ** ** ** ** ** 0   56   46 1023.0 ***** 1008.5  67  53 ***** ***** ***** ***** **
576870 ***** 202203010900 097   2  27 *** *** * * *  5.6 00 ** ** ** ** ** ** ** 0   55   44 1022.4 ***** 1007.8  67  53 ***** ***** ***** ***** **
576870 ***** 202203011200 331   5  27 *** *** * * *  7.0 00 ** ** ** ** ** ** ** 0   53   43 1023.6 ***** 1009.0  61  53 ***** *****  0.00 ***** **
576870 ***** 202203011500 326   8  20 *** *** * * * 10.9 00 ** ** ** ** ** ** ** *   51   37 1025.2 ***** 1010.5  57  51 ***** ***** ***** ***** **
576870 ***** 202203011800 293   3  15 *** *** * * * 10.0 00 ** ** ** ** ** ** ** 0   44   38 1023.7 ***** 1009.0  56  44 ***** ***** ***** ***** **
576870 ***** 202203012100 271   3 *** *** *** * * *  5.5 00 ** ** ** ** ** ** ** *   41   39 1022.2 ***** 1007.4  56  41 ***** ***** ***** ***** **
576870 ***** 202203020000 253   2 *** *** *** * * *  7.2 00 ** ** ** ** ** ** ** 0   41   39 1023.9 ***** 1009.1  56  40 ***** *****  0.00 ***** **
576870 ***** 202203020300 142   5 *** *** *** * * * 11.2 00 ** ** ** ** ** ** ** 0   60   43 1023.7 ***** 1009.1  60  40 ***** ***** ***** ***** **
576870 ***** 202203020600 132   4  13 *** *** * * * 14.8 00 ** ** ** ** ** ** ** 0   66   40 1019.6 ***** 1005.1  66  40 ***** *****  0.00 ***** **
576870 ***** 202203020900 159   4  14 *** *** * * * 15.3 00 ** ** ** ** ** ** ** 0   66   42 1016.7 ***** 1002.2  68  40 ***** ***** ***** ***** **
576870 ***** 202203021200 294   3  14 *** *** * * * 10.9 00 ** ** ** ** ** ** ** 0   60   46 1017.4 ***** 1002.8  68  40 ***** *****  0.00 ***** **
576870 ***** 202203021500 302   3  14 *** *** * * * 11.2 00 ** ** ** ** ** ** ** *   57   48 1018.7 ***** 1004.3  68  40 ***** ***** ***** ***** **
576870 ***** 202203021800 298   2  14 *** *** * * *  9.4 00 ** ** ** ** ** ** ** 0   55   47 1018.5 ***** 1004.1  68  40 ***** ***** ***** ***** **
576870 ***** 202203022100 327   4 *** *** *** * * *  8.8 00 ** ** ** ** ** ** ** *   53   46 1017.4 ***** 1003.0  68  40 ***** ***** ***** ***** **
576870 ***** 202203030000 209   2 *** *** *** * * *  7.9 00 ** ** ** ** ** ** ** 0   53   47 1018.0 ***** 1003.5  68  41 ***** *****  0.00 ***** **
576870 ***** 202203030300 132   1 *** *** *** * * *  9.5 00 ** ** ** ** ** ** ** 0   58   48 1018.0 ***** 1003.6  68  51 ***** ***** ***** ***** **
576870 ***** 202203030600 076   4 *** *** *** * * * 11.1 00 ** ** ** ** ** ** ** 0   64   47 1014.0 *****  999.7  68  51 ***** *****  0.00 ***** **
576870 ***** 202203030900 021   4 *** *** *** * * * 11.0 00 ** ** ** ** ** ** ** 0   63   49 1012.1 *****  997.8  66  51 ***** ***** ***** ***** **
576870 ***** 202203031200 305  11  17 *** *** * * *  7.7 00 ** ** ** ** ** ** ** 0   58   49 1014.2 *****  999.8  65  51 ***** *****  0.00 ***** **
576870 ***** 202203031500 283   7  22 *** *** * * *  7.3 00 ** ** ** ** ** ** ** *   55   48 1016.6 ***** 1002.2  65  51 ***** ***** ***** ***** **
576870 ***** 202203031800 323   6  22 *** *** * * *  5.8 00 ** ** ** ** ** ** ** 0   54   47 1016.7 ***** 1002.3  65  51 ***** ***** ***** ***** **
576870 ***** 202203032100 270   2  22 *** *** * * *  5.7 00 ** ** ** ** ** ** ** *   53   47 1015.9 ***** 1001.5  65  51 ***** ***** ***** ***** **
576870 ***** 202203040000 310   7  22 *** *** * * *  6.9 00 ** ** ** ** ** ** ** 0   54   47 1017.2 ***** 1002.7  65  52 ***** *****  0.00 ***** **
576870 ***** 202203040300 326   9  16 *** *** * * *  6.6 00 ** ** ** ** ** ** ** 0   57   48 1018.8 ***** 1004.3  65  52 ***** ***** ***** ***** **
576870 ***** 202203040600 315   5  16 *** *** * * *  5.5 60 ** ** ** ** ** ** ** 0   57   52 1016.3 ***** 1001.8  65  52 *****  0.01  0.01 *****  0
576870 ***** 202203040900 228   5  16 *** *** * * *  4.8 21 ** ** ** ** ** ** ** 5   56   52 1015.3 ***** 1000.8  63  52 *****  0.04  0.04  0.04 **
576870 ***** 202203041200 306   5  16 *** *** * * *  5.4 00 ** ** ** ** ** ** ** 0   56   51 1016.1 ***** 1001.6  59  52 *****  0.03  0.04 *****  0
576870 ***** 202203041500 325   6  16 *** *** * * *  6.1 00 ** ** ** ** ** ** ** *   55   50 1017.8 ***** 1003.3  59  52 ***** *****  0.04  0.04 **
576870 ***** 202203041800 266   3  13 *** *** * * *  4.9 00 ** ** ** ** ** ** ** 0   54   51 1017.4 ***** 1002.9  59  52 ***** *****  0.04  0.03 **
576870 ***** 202203042100 321   1  13 *** *** * * *  3.6 10 ** ** ** ** ** ** ** *   54   51 1016.4 ***** 1001.9  59  53 ***** *****  0.04 ***** **
